[0.009s] Invoking command in '/home/damian/Documents/project_NIODSR_ros2_ws/build/turtlebot3_simulations': AMENT_PREFIX_PATH=/home/damian/Documents/project_NIODSR_ros2_ws/install/turtlebot3_gazebo:/home/damian/Documents/project_NIODSR_ros2_ws/install/turtlebot3_fake_node:${AMENT_PREFIX_PATH} CMAKE_PREFIX_PATH=/home/damian/Documents/project_NIODSR_ros2_ws/install/turtlebot3_gazebo:/home/damian/Documents/project_NIODSR_ros2_ws/install/turtlebot3_fake_node:/opt/ros/humble /usr/bin/cmake --build /home/damian/Documents/project_NIODSR_ros2_ws/build/turtlebot3_simulations -- -j12 -l12
[0.037s] Invoked command in '/home/damian/Documents/project_NIODSR_ros2_ws/build/turtlebot3_simulations' returned '0': AMENT_PREFIX_PATH=/home/damian/Documents/project_NIODSR_ros2_ws/install/turtlebot3_gazebo:/home/damian/Documents/project_NIODSR_ros2_ws/install/turtlebot3_fake_node:${AMENT_PREFIX_PATH} CMAKE_PREFIX_PATH=/home/damian/Documents/project_NIODSR_ros2_ws/install/turtlebot3_gazebo:/home/damian/Documents/project_NIODSR_ros2_ws/install/turtlebot3_fake_node:/opt/ros/humble /usr/bin/cmake --build /home/damian/Documents/project_NIODSR_ros2_ws/build/turtlebot3_simulations -- -j12 -l12
[0.039s] Invoking command in '/home/damian/Documents/project_NIODSR_ros2_ws/build/turtlebot3_simulations': AMENT_PREFIX_PATH=/home/damian/Documents/project_NIODSR_ros2_ws/install/turtlebot3_gazebo:/home/damian/Documents/project_NIODSR_ros2_ws/install/turtlebot3_fake_node:${AMENT_PREFIX_PATH} CMAKE_PREFIX_PATH=/home/damian/Documents/project_NIODSR_ros2_ws/install/turtlebot3_gazebo:/home/damian/Documents/project_NIODSR_ros2_ws/install/turtlebot3_fake_node:/opt/ros/humble /usr/bin/cmake --install /home/damian/Documents/project_NIODSR_ros2_ws/build/turtlebot3_simulations
[0.045s] -- Install configuration: ""
[0.045s] -- Up-to-date: /home/damian/Documents/project_NIODSR_ros2_ws/install/turtlebot3_simulations/share/ament_index/resource_index/package_run_dependencies/turtlebot3_simulations
[0.045s] -- Up-to-date: /home/damian/Documents/project_NIODSR_ros2_ws/install/turtlebot3_simulations/share/ament_index/resource_index/parent_prefix_path/turtlebot3_simulations
[0.045s] -- Up-to-date: /home/damian/Documents/project_NIODSR_ros2_ws/install/turtlebot3_simulations/share/turtlebot3_simulations/environment/ament_prefix_path.sh
[0.045s] -- Up-to-date: /home/damian/Documents/project_NIODSR_ros2_ws/install/turtlebot3_simulations/share/turtlebot3_simulations/environment/ament_prefix_path.dsv
[0.045s] -- Up-to-date: /home/damian/Documents/project_NIODSR_ros2_ws/install/turtlebot3_simulations/share/turtlebot3_simulations/environment/path.sh
[0.045s] -- Up-to-date: /home/damian/Documents/project_NIODSR_ros2_ws/install/turtlebot3_simulations/share/turtlebot3_simulations/environment/path.dsv
[0.045s] -- Up-to-date: /home/damian/Documents/project_NIODSR_ros2_ws/install/turtlebot3_simulations/share/turtlebot3_simulations/local_setup.bash
[0.045s] -- Up-to-date: /home/damian/Documents/project_NIODSR_ros2_ws/install/turtlebot3_simulations/share/turtlebot3_simulations/local_setup.sh
[0.045s] -- Up-to-date: /home/damian/Documents/project_NIODSR_ros2_ws/install/turtlebot3_simulations/share/turtlebot3_simulations/local_setup.zsh
[0.045s] -- Up-to-date: /home/damian/Documents/project_NIODSR_ros2_ws/install/turtlebot3_simulations/share/turtlebot3_simulations/local_setup.dsv
[0.045s] -- Installing: /home/damian/Documents/project_NIODSR_ros2_ws/install/turtlebot3_simulations/share/turtlebot3_simulations/package.dsv
[0.045s] -- Up-to-date: /home/damian/Documents/project_NIODSR_ros2_ws/install/turtlebot3_simulations/share/ament_index/resource_index/packages/turtlebot3_simulations
[0.045s] -- Up-to-date: /home/damian/Documents/project_NIODSR_ros2_ws/install/turtlebot3_simulations/share/turtlebot3_simulations/cmake/turtlebot3_simulationsConfig.cmake
[0.045s] -- Up-to-date: /home/damian/Documents/project_NIODSR_ros2_ws/install/turtlebot3_simulations/share/turtlebot3_simulations/cmake/turtlebot3_simulationsConfig-version.cmake
[0.045s] -- Up-to-date: /home/damian/Documents/project_NIODSR_ros2_ws/install/turtlebot3_simulations/share/turtlebot3_simulations/package.xml
[0.047s] Invoked command in '/home/damian/Documents/project_NIODSR_ros2_ws/build/turtlebot3_simulations' returned '0': AMENT_PREFIX_PATH=/home/damian/Documents/project_NIODSR_ros2_ws/install/turtlebot3_gazebo:/home/damian/Documents/project_NIODSR_ros2_ws/install/turtlebot3_fake_node:${AMENT_PREFIX_PATH} CMAKE_PREFIX_PATH=/home/damian/Documents/project_NIODSR_ros2_ws/install/turtlebot3_gazebo:/home/damian/Documents/project_NIODSR_ros2_ws/install/turtlebot3_fake_node:/opt/ros/humble /usr/bin/cmake --install /home/damian/Documents/project_NIODSR_ros2_ws/build/turtlebot3_simulations
