running egg_info
writing ../../build/turtlebot_control/turtlebot_control.egg-info/PKG-INFO
writing dependency_links to ../../build/turtlebot_control/turtlebot_control.egg-info/dependency_links.txt
writing entry points to ../../build/turtlebot_control/turtlebot_control.egg-info/entry_points.txt
writing requirements to ../../build/turtlebot_control/turtlebot_control.egg-info/requires.txt
writing top-level names to ../../build/turtlebot_control/turtlebot_control.egg-info/top_level.txt
reading manifest file '../../build/turtlebot_control/turtlebot_control.egg-info/SOURCES.txt'
writing manifest file '../../build/turtlebot_control/turtlebot_control.egg-info/SOURCES.txt'
running build
running build_py
copying turtlebot_control/turtlebot_timer.py -> /home/damian/Documents/project_NIODSR_ros2_ws/build/turtlebot_control/build/lib/turtlebot_control
running install
running install_lib
copying /home/damian/Documents/project_NIODSR_ros2_ws/build/turtlebot_control/build/lib/turtlebot_control/turtlebot_timer.py -> /home/damian/Documents/project_NIODSR_ros2_ws/install/turtlebot_control/lib/python3.10/site-packages/turtlebot_control
byte-compiling /home/damian/Documents/project_NIODSR_ros2_ws/install/turtlebot_control/lib/python3.10/site-packages/turtlebot_control/turtlebot_timer.py to turtlebot_timer.cpython-310.pyc
running install_data
running install_egg_info
removing '/home/damian/Documents/project_NIODSR_ros2_ws/install/turtlebot_control/lib/python3.10/site-packages/turtlebot_control-0.0.0-py3.10.egg-info' (and everything under it)
Copying ../../build/turtlebot_control/turtlebot_control.egg-info to /home/damian/Documents/project_NIODSR_ros2_ws/install/turtlebot_control/lib/python3.10/site-packages/turtlebot_control-0.0.0-py3.10.egg-info
running install_scripts
Installing turtlebot3_ctl script to /home/damian/Documents/project_NIODSR_ros2_ws/install/turtlebot_control/lib/turtlebot_control
Installing turtlebot3_timer script to /home/damian/Documents/project_NIODSR_ros2_ws/install/turtlebot_control/lib/turtlebot_control
writing list of installed files to '/home/damian/Documents/project_NIODSR_ros2_ws/build/turtlebot_control/install.log'
