[0.093s] DEBUG:colcon:Command line arguments: ['/usr/bin/colcon', 'build']
[0.093s] DEBUG:colcon:Parsed command line arguments: Namespace(log_base=None, log_level=None, verb_name='build', build_base='build', install_base='install', merge_install=False, symlink_install=False, test_result_base=None, continue_on_error=False, executor='parallel', parallel_workers=12, event_handlers=None, ignore_user_meta=False, metas=['./colcon.meta'], base_paths=['.'], packages_ignore=None, packages_ignore_regex=None, paths=None, packages_up_to=None, packages_up_to_regex=None, packages_above=None, packages_above_and_dependencies=None, packages_above_depth=None, packages_select_by_dep=None, packages_skip_by_dep=None, packages_skip_up_to=None, packages_select_build_failed=False, packages_skip_build_finished=False, packages_select_test_failures=False, packages_skip_test_passed=False, packages_select=None, packages_skip=None, packages_select_regex=None, packages_skip_regex=None, packages_start=None, packages_end=None, allow_overriding=[], cmake_args=None, cmake_target=None, cmake_target_skip_unavailable=False, cmake_clean_cache=False, cmake_clean_first=False, cmake_force_configure=False, ament_cmake_args=None, catkin_cmake_args=None, catkin_skip_building_tests=False, mixin_files=None, mixin=None, verb_parser=<colcon_mixin.mixin.mixin_argument.MixinArgumentDecorator object at 0x74431bf4c670>, verb_extension=<colcon_core.verb.build.BuildVerb object at 0x74431c065540>, main=<bound method BuildVerb.main of <colcon_core.verb.build.BuildVerb object at 0x74431c065540>>, mixin_verb=('build',))
[0.263s] Level 1:colcon.colcon_core.package_discovery:discover_packages(colcon_meta) check parameters
[0.264s] Level 1:colcon.colcon_core.package_discovery:discover_packages(recursive) check parameters
[0.264s] Level 1:colcon.colcon_core.package_discovery:discover_packages(ignore) check parameters
[0.264s] Level 1:colcon.colcon_core.package_discovery:discover_packages(path) check parameters
[0.264s] Level 1:colcon.colcon_core.package_discovery:discover_packages(colcon_meta) discover
[0.264s] Level 1:colcon.colcon_core.package_discovery:discover_packages(recursive) discover
[0.264s] INFO:colcon.colcon_core.package_discovery:Crawling recursively for packages in '/home/damian/Documents/project_NIODSR_ros2_ws'
[0.264s] Level 1:colcon.colcon_core.package_identification:_identify(.) by extensions ['ignore', 'ignore_ament_install']
[0.264s] Level 1:colcon.colcon_core.package_identification:_identify(.) by extension 'ignore'
[0.264s] Level 1:colcon.colcon_core.package_identification:_identify(.) by extension 'ignore_ament_install'
[0.264s] Level 1:colcon.colcon_core.package_identification:_identify(.) by extensions ['colcon_pkg']
[0.264s] Level 1:colcon.colcon_core.package_identification:_identify(.) by extension 'colcon_pkg'
[0.264s] Level 1:colcon.colcon_core.package_identification:_identify(.) by extensions ['colcon_meta']
[0.264s] Level 1:colcon.colcon_core.package_identification:_identify(.) by extension 'colcon_meta'
[0.264s] Level 1:colcon.colcon_core.package_identification:_identify(.) by extensions ['ros']
[0.264s] Level 1:colcon.colcon_core.package_identification:_identify(.) by extension 'ros'
[0.285s] Level 1:colcon.colcon_core.package_identification:_identify(.) by extensions ['cmake', 'python']
[0.285s] Level 1:colcon.colcon_core.package_identification:_identify(.) by extension 'cmake'
[0.285s] Level 1:colcon.colcon_core.package_identification:_identify(.) by extension 'python'
[0.285s] Level 1:colcon.colcon_core.package_identification:_identify(.) by extensions ['python_setup_py']
[0.285s] Level 1:colcon.colcon_core.package_identification:_identify(.) by extension 'python_setup_py'
[0.285s] Level 1:colcon.colcon_core.package_identification:_identify(build) by extensions ['ignore', 'ignore_ament_install']
[0.285s] Level 1:colcon.colcon_core.package_identification:_identify(build) by extension 'ignore'
[0.285s] Level 1:colcon.colcon_core.package_identification:_identify(build) ignored
[0.285s] Level 1:colcon.colcon_core.package_identification:_identify(install) by extensions ['ignore', 'ignore_ament_install']
[0.285s] Level 1:colcon.colcon_core.package_identification:_identify(install) by extension 'ignore'
[0.285s] Level 1:colcon.colcon_core.package_identification:_identify(install) ignored
[0.285s] Level 1:colcon.colcon_core.package_identification:_identify(log) by extensions ['ignore', 'ignore_ament_install']
[0.286s] Level 1:colcon.colcon_core.package_identification:_identify(log) by extension 'ignore'
[0.286s] Level 1:colcon.colcon_core.package_identification:_identify(log) ignored
[0.286s] Level 1:colcon.colcon_core.package_identification:_identify(src) by extensions ['ignore', 'ignore_ament_install']
[0.286s] Level 1:colcon.colcon_core.package_identification:_identify(src) by extension 'ignore'
[0.286s] Level 1:colcon.colcon_core.package_identification:_identify(src) by extension 'ignore_ament_install'
[0.286s] Level 1:colcon.colcon_core.package_identification:_identify(src) by extensions ['colcon_pkg']
[0.286s] Level 1:colcon.colcon_core.package_identification:_identify(src) by extension 'colcon_pkg'
[0.286s] Level 1:colcon.colcon_core.package_identification:_identify(src) by extensions ['colcon_meta']
[0.286s] Level 1:colcon.colcon_core.package_identification:_identify(src) by extension 'colcon_meta'
[0.286s] Level 1:colcon.colcon_core.package_identification:_identify(src) by extensions ['ros']
[0.286s] Level 1:colcon.colcon_core.package_identification:_identify(src) by extension 'ros'
[0.286s] Level 1:colcon.colcon_core.package_identification:_identify(src) by extensions ['cmake', 'python']
[0.286s] Level 1:colcon.colcon_core.package_identification:_identify(src) by extension 'cmake'
[0.286s] Level 1:colcon.colcon_core.package_identification:_identify(src) by extension 'python'
[0.286s] Level 1:colcon.colcon_core.package_identification:_identify(src) by extensions ['python_setup_py']
[0.286s] Level 1:colcon.colcon_core.package_identification:_identify(src) by extension 'python_setup_py'
[0.286s] Level 1:colcon.colcon_core.package_identification:_identify(src/turtlebot3_simulations) by extensions ['ignore', 'ignore_ament_install']
[0.286s] Level 1:colcon.colcon_core.package_identification:_identify(src/turtlebot3_simulations) by extension 'ignore'
[0.286s] Level 1:colcon.colcon_core.package_identification:_identify(src/turtlebot3_simulations) by extension 'ignore_ament_install'
[0.286s] Level 1:colcon.colcon_core.package_identification:_identify(src/turtlebot3_simulations) by extensions ['colcon_pkg']
[0.286s] Level 1:colcon.colcon_core.package_identification:_identify(src/turtlebot3_simulations) by extension 'colcon_pkg'
[0.286s] Level 1:colcon.colcon_core.package_identification:_identify(src/turtlebot3_simulations) by extensions ['colcon_meta']
[0.286s] Level 1:colcon.colcon_core.package_identification:_identify(src/turtlebot3_simulations) by extension 'colcon_meta'
[0.286s] Level 1:colcon.colcon_core.package_identification:_identify(src/turtlebot3_simulations) by extensions ['ros']
[0.286s] Level 1:colcon.colcon_core.package_identification:_identify(src/turtlebot3_simulations) by extension 'ros'
[0.286s] Level 1:colcon.colcon_core.package_identification:_identify(src/turtlebot3_simulations) by extensions ['cmake', 'python']
[0.286s] Level 1:colcon.colcon_core.package_identification:_identify(src/turtlebot3_simulations) by extension 'cmake'
[0.286s] Level 1:colcon.colcon_core.package_identification:_identify(src/turtlebot3_simulations) by extension 'python'
[0.286s] Level 1:colcon.colcon_core.package_identification:_identify(src/turtlebot3_simulations) by extensions ['python_setup_py']
[0.287s] Level 1:colcon.colcon_core.package_identification:_identify(src/turtlebot3_simulations) by extension 'python_setup_py'
[0.287s] Level 1:colcon.colcon_core.package_identification:_identify(src/turtlebot3_simulations/turtlebot3_fake_node) by extensions ['ignore', 'ignore_ament_install']
[0.287s] Level 1:colcon.colcon_core.package_identification:_identify(src/turtlebot3_simulations/turtlebot3_fake_node) by extension 'ignore'
[0.287s] Level 1:colcon.colcon_core.package_identification:_identify(src/turtlebot3_simulations/turtlebot3_fake_node) by extension 'ignore_ament_install'
[0.287s] Level 1:colcon.colcon_core.package_identification:_identify(src/turtlebot3_simulations/turtlebot3_fake_node) by extensions ['colcon_pkg']
[0.287s] Level 1:colcon.colcon_core.package_identification:_identify(src/turtlebot3_simulations/turtlebot3_fake_node) by extension 'colcon_pkg'
[0.287s] Level 1:colcon.colcon_core.package_identification:_identify(src/turtlebot3_simulations/turtlebot3_fake_node) by extensions ['colcon_meta']
[0.287s] Level 1:colcon.colcon_core.package_identification:_identify(src/turtlebot3_simulations/turtlebot3_fake_node) by extension 'colcon_meta'
[0.287s] Level 1:colcon.colcon_core.package_identification:_identify(src/turtlebot3_simulations/turtlebot3_fake_node) by extensions ['ros']
[0.287s] Level 1:colcon.colcon_core.package_identification:_identify(src/turtlebot3_simulations/turtlebot3_fake_node) by extension 'ros'
[0.290s] DEBUG:colcon.colcon_core.package_identification:Package 'src/turtlebot3_simulations/turtlebot3_fake_node' with type 'ros.ament_cmake' and name 'turtlebot3_fake_node'
[0.290s] Level 1:colcon.colcon_core.package_identification:_identify(src/turtlebot3_simulations/turtlebot3_gazebo) by extensions ['ignore', 'ignore_ament_install']
[0.290s] Level 1:colcon.colcon_core.package_identification:_identify(src/turtlebot3_simulations/turtlebot3_gazebo) by extension 'ignore'
[0.290s] Level 1:colcon.colcon_core.package_identification:_identify(src/turtlebot3_simulations/turtlebot3_gazebo) by extension 'ignore_ament_install'
[0.290s] Level 1:colcon.colcon_core.package_identification:_identify(src/turtlebot3_simulations/turtlebot3_gazebo) by extensions ['colcon_pkg']
[0.290s] Level 1:colcon.colcon_core.package_identification:_identify(src/turtlebot3_simulations/turtlebot3_gazebo) by extension 'colcon_pkg'
[0.290s] Level 1:colcon.colcon_core.package_identification:_identify(src/turtlebot3_simulations/turtlebot3_gazebo) by extensions ['colcon_meta']
[0.290s] Level 1:colcon.colcon_core.package_identification:_identify(src/turtlebot3_simulations/turtlebot3_gazebo) by extension 'colcon_meta'
[0.290s] Level 1:colcon.colcon_core.package_identification:_identify(src/turtlebot3_simulations/turtlebot3_gazebo) by extensions ['ros']
[0.290s] Level 1:colcon.colcon_core.package_identification:_identify(src/turtlebot3_simulations/turtlebot3_gazebo) by extension 'ros'
[0.291s] DEBUG:colcon.colcon_core.package_identification:Package 'src/turtlebot3_simulations/turtlebot3_gazebo' with type 'ros.ament_cmake' and name 'turtlebot3_gazebo'
[0.291s] Level 1:colcon.colcon_core.package_identification:_identify(src/turtlebot3_simulations/turtlebot3_simulations) by extensions ['ignore', 'ignore_ament_install']
[0.291s] Level 1:colcon.colcon_core.package_identification:_identify(src/turtlebot3_simulations/turtlebot3_simulations) by extension 'ignore'
[0.291s] Level 1:colcon.colcon_core.package_identification:_identify(src/turtlebot3_simulations/turtlebot3_simulations) by extension 'ignore_ament_install'
[0.291s] Level 1:colcon.colcon_core.package_identification:_identify(src/turtlebot3_simulations/turtlebot3_simulations) by extensions ['colcon_pkg']
[0.291s] Level 1:colcon.colcon_core.package_identification:_identify(src/turtlebot3_simulations/turtlebot3_simulations) by extension 'colcon_pkg'
[0.291s] Level 1:colcon.colcon_core.package_identification:_identify(src/turtlebot3_simulations/turtlebot3_simulations) by extensions ['colcon_meta']
[0.291s] Level 1:colcon.colcon_core.package_identification:_identify(src/turtlebot3_simulations/turtlebot3_simulations) by extension 'colcon_meta'
[0.292s] Level 1:colcon.colcon_core.package_identification:_identify(src/turtlebot3_simulations/turtlebot3_simulations) by extensions ['ros']
[0.292s] Level 1:colcon.colcon_core.package_identification:_identify(src/turtlebot3_simulations/turtlebot3_simulations) by extension 'ros'
[0.292s] DEBUG:colcon.colcon_core.package_identification:Package 'src/turtlebot3_simulations/turtlebot3_simulations' with type 'ros.ament_cmake' and name 'turtlebot3_simulations'
[0.292s] Level 1:colcon.colcon_core.package_identification:_identify(src/turtlebot_control) by extensions ['ignore', 'ignore_ament_install']
[0.292s] Level 1:colcon.colcon_core.package_identification:_identify(src/turtlebot_control) by extension 'ignore'
[0.292s] Level 1:colcon.colcon_core.package_identification:_identify(src/turtlebot_control) by extension 'ignore_ament_install'
[0.292s] Level 1:colcon.colcon_core.package_identification:_identify(src/turtlebot_control) by extensions ['colcon_pkg']
[0.292s] Level 1:colcon.colcon_core.package_identification:_identify(src/turtlebot_control) by extension 'colcon_pkg'
[0.292s] Level 1:colcon.colcon_core.package_identification:_identify(src/turtlebot_control) by extensions ['colcon_meta']
[0.292s] Level 1:colcon.colcon_core.package_identification:_identify(src/turtlebot_control) by extension 'colcon_meta'
[0.292s] Level 1:colcon.colcon_core.package_identification:_identify(src/turtlebot_control) by extensions ['ros']
[0.292s] Level 1:colcon.colcon_core.package_identification:_identify(src/turtlebot_control) by extension 'ros'
[0.293s] DEBUG:colcon.colcon_core.package_identification:Package 'src/turtlebot_control' with type 'ros.ament_python' and name 'turtlebot_control'
[0.293s] Level 1:colcon.colcon_core.package_discovery:discover_packages(recursive) using defaults
[0.293s] Level 1:colcon.colcon_core.package_discovery:discover_packages(ignore) discover
[0.293s] Level 1:colcon.colcon_core.package_discovery:discover_packages(ignore) using defaults
[0.293s] Level 1:colcon.colcon_core.package_discovery:discover_packages(path) discover
[0.293s] Level 1:colcon.colcon_core.package_discovery:discover_packages(path) using defaults
[0.309s] Level 1:colcon.colcon_core.package_discovery:discover_packages(prefix_path) check parameters
[0.309s] Level 1:colcon.colcon_core.package_discovery:discover_packages(prefix_path) discover
[0.311s] DEBUG:colcon.colcon_installed_package_information.package_discovery:Found 5 installed packages in /home/damian/Documents/project_NIODSR_ros2_ws/install
[0.312s] DEBUG:colcon.colcon_installed_package_information.package_discovery:Found 469 installed packages in /opt/ros/humble
[0.315s] Level 1:colcon.colcon_core.package_discovery:discover_packages(prefix_path) using defaults
[0.355s] Level 5:colcon.colcon_core.verb:set package 'turtlebot3_fake_node' build argument 'cmake_args' from command line to 'None'
[0.355s] Level 5:colcon.colcon_core.verb:set package 'turtlebot3_fake_node' build argument 'cmake_target' from command line to 'None'
[0.355s] Level 5:colcon.colcon_core.verb:set package 'turtlebot3_fake_node' build argument 'cmake_target_skip_unavailable' from command line to 'False'
[0.355s] Level 5:colcon.colcon_core.verb:set package 'turtlebot3_fake_node' build argument 'cmake_clean_cache' from command line to 'False'
[0.355s] Level 5:colcon.colcon_core.verb:set package 'turtlebot3_fake_node' build argument 'cmake_clean_first' from command line to 'False'
[0.356s] Level 5:colcon.colcon_core.verb:set package 'turtlebot3_fake_node' build argument 'cmake_force_configure' from command line to 'False'
[0.356s] Level 5:colcon.colcon_core.verb:set package 'turtlebot3_fake_node' build argument 'ament_cmake_args' from command line to 'None'
[0.356s] Level 5:colcon.colcon_core.verb:set package 'turtlebot3_fake_node' build argument 'catkin_cmake_args' from command line to 'None'
[0.356s] Level 5:colcon.colcon_core.verb:set package 'turtlebot3_fake_node' build argument 'catkin_skip_building_tests' from command line to 'False'
[0.356s] DEBUG:colcon.colcon_core.verb:Building package 'turtlebot3_fake_node' with the following arguments: {'ament_cmake_args': None, 'build_base': '/home/damian/Documents/project_NIODSR_ros2_ws/build/turtlebot3_fake_node', 'catkin_cmake_args': None, 'catkin_skip_building_tests': False, 'cmake_args': None, 'cmake_clean_cache': False, 'cmake_clean_first': False, 'cmake_force_configure': False, 'cmake_target': None, 'cmake_target_skip_unavailable': False, 'install_base': '/home/damian/Documents/project_NIODSR_ros2_ws/install/turtlebot3_fake_node', 'merge_install': False, 'path': '/home/damian/Documents/project_NIODSR_ros2_ws/src/turtlebot3_simulations/turtlebot3_fake_node', 'symlink_install': False, 'test_result_base': None}
[0.356s] Level 5:colcon.colcon_core.verb:set package 'turtlebot3_gazebo' build argument 'cmake_args' from command line to 'None'
[0.356s] Level 5:colcon.colcon_core.verb:set package 'turtlebot3_gazebo' build argument 'cmake_target' from command line to 'None'
[0.356s] Level 5:colcon.colcon_core.verb:set package 'turtlebot3_gazebo' build argument 'cmake_target_skip_unavailable' from command line to 'False'
[0.356s] Level 5:colcon.colcon_core.verb:set package 'turtlebot3_gazebo' build argument 'cmake_clean_cache' from command line to 'False'
[0.356s] Level 5:colcon.colcon_core.verb:set package 'turtlebot3_gazebo' build argument 'cmake_clean_first' from command line to 'False'
[0.356s] Level 5:colcon.colcon_core.verb:set package 'turtlebot3_gazebo' build argument 'cmake_force_configure' from command line to 'False'
[0.356s] Level 5:colcon.colcon_core.verb:set package 'turtlebot3_gazebo' build argument 'ament_cmake_args' from command line to 'None'
[0.356s] Level 5:colcon.colcon_core.verb:set package 'turtlebot3_gazebo' build argument 'catkin_cmake_args' from command line to 'None'
[0.356s] Level 5:colcon.colcon_core.verb:set package 'turtlebot3_gazebo' build argument 'catkin_skip_building_tests' from command line to 'False'
[0.356s] DEBUG:colcon.colcon_core.verb:Building package 'turtlebot3_gazebo' with the following arguments: {'ament_cmake_args': None, 'build_base': '/home/damian/Documents/project_NIODSR_ros2_ws/build/turtlebot3_gazebo', 'catkin_cmake_args': None, 'catkin_skip_building_tests': False, 'cmake_args': None, 'cmake_clean_cache': False, 'cmake_clean_first': False, 'cmake_force_configure': False, 'cmake_target': None, 'cmake_target_skip_unavailable': False, 'install_base': '/home/damian/Documents/project_NIODSR_ros2_ws/install/turtlebot3_gazebo', 'merge_install': False, 'path': '/home/damian/Documents/project_NIODSR_ros2_ws/src/turtlebot3_simulations/turtlebot3_gazebo', 'symlink_install': False, 'test_result_base': None}
[0.356s] Level 5:colcon.colcon_core.verb:set package 'turtlebot_control' build argument 'cmake_args' from command line to 'None'
[0.356s] Level 5:colcon.colcon_core.verb:set package 'turtlebot_control' build argument 'cmake_target' from command line to 'None'
[0.356s] Level 5:colcon.colcon_core.verb:set package 'turtlebot_control' build argument 'cmake_target_skip_unavailable' from command line to 'False'
[0.356s] Level 5:colcon.colcon_core.verb:set package 'turtlebot_control' build argument 'cmake_clean_cache' from command line to 'False'
[0.356s] Level 5:colcon.colcon_core.verb:set package 'turtlebot_control' build argument 'cmake_clean_first' from command line to 'False'
[0.356s] Level 5:colcon.colcon_core.verb:set package 'turtlebot_control' build argument 'cmake_force_configure' from command line to 'False'
[0.356s] Level 5:colcon.colcon_core.verb:set package 'turtlebot_control' build argument 'ament_cmake_args' from command line to 'None'
[0.356s] Level 5:colcon.colcon_core.verb:set package 'turtlebot_control' build argument 'catkin_cmake_args' from command line to 'None'
[0.356s] Level 5:colcon.colcon_core.verb:set package 'turtlebot_control' build argument 'catkin_skip_building_tests' from command line to 'False'
[0.356s] DEBUG:colcon.colcon_core.verb:Building package 'turtlebot_control' with the following arguments: {'ament_cmake_args': None, 'build_base': '/home/damian/Documents/project_NIODSR_ros2_ws/build/turtlebot_control', 'catkin_cmake_args': None, 'catkin_skip_building_tests': False, 'cmake_args': None, 'cmake_clean_cache': False, 'cmake_clean_first': False, 'cmake_force_configure': False, 'cmake_target': None, 'cmake_target_skip_unavailable': False, 'install_base': '/home/damian/Documents/project_NIODSR_ros2_ws/install/turtlebot_control', 'merge_install': False, 'path': '/home/damian/Documents/project_NIODSR_ros2_ws/src/turtlebot_control', 'symlink_install': False, 'test_result_base': None}
[0.357s] Level 5:colcon.colcon_core.verb:set package 'turtlebot3_simulations' build argument 'cmake_args' from command line to 'None'
[0.357s] Level 5:colcon.colcon_core.verb:set package 'turtlebot3_simulations' build argument 'cmake_target' from command line to 'None'
[0.357s] Level 5:colcon.colcon_core.verb:set package 'turtlebot3_simulations' build argument 'cmake_target_skip_unavailable' from command line to 'False'
[0.357s] Level 5:colcon.colcon_core.verb:set package 'turtlebot3_simulations' build argument 'cmake_clean_cache' from command line to 'False'
[0.357s] Level 5:colcon.colcon_core.verb:set package 'turtlebot3_simulations' build argument 'cmake_clean_first' from command line to 'False'
[0.357s] Level 5:colcon.colcon_core.verb:set package 'turtlebot3_simulations' build argument 'cmake_force_configure' from command line to 'False'
[0.357s] Level 5:colcon.colcon_core.verb:set package 'turtlebot3_simulations' build argument 'ament_cmake_args' from command line to 'None'
[0.357s] Level 5:colcon.colcon_core.verb:set package 'turtlebot3_simulations' build argument 'catkin_cmake_args' from command line to 'None'
[0.357s] Level 5:colcon.colcon_core.verb:set package 'turtlebot3_simulations' build argument 'catkin_skip_building_tests' from command line to 'False'
[0.357s] DEBUG:colcon.colcon_core.verb:Building package 'turtlebot3_simulations' with the following arguments: {'ament_cmake_args': None, 'build_base': '/home/damian/Documents/project_NIODSR_ros2_ws/build/turtlebot3_simulations', 'catkin_cmake_args': None, 'catkin_skip_building_tests': False, 'cmake_args': None, 'cmake_clean_cache': False, 'cmake_clean_first': False, 'cmake_force_configure': False, 'cmake_target': None, 'cmake_target_skip_unavailable': False, 'install_base': '/home/damian/Documents/project_NIODSR_ros2_ws/install/turtlebot3_simulations', 'merge_install': False, 'path': '/home/damian/Documents/project_NIODSR_ros2_ws/src/turtlebot3_simulations/turtlebot3_simulations', 'symlink_install': False, 'test_result_base': None}
[0.357s] INFO:colcon.colcon_core.executor:Executing jobs using 'parallel' executor
[0.358s] DEBUG:colcon.colcon_parallel_executor.executor.parallel:run_until_complete
[0.358s] INFO:colcon.colcon_ros.task.ament_cmake.build:Building ROS package in '/home/damian/Documents/project_NIODSR_ros2_ws/src/turtlebot3_simulations/turtlebot3_fake_node' with build type 'ament_cmake'
[0.359s] INFO:colcon.colcon_cmake.task.cmake.build:Building CMake package in '/home/damian/Documents/project_NIODSR_ros2_ws/src/turtlebot3_simulations/turtlebot3_fake_node'
[0.360s] INFO:colcon.colcon_core.plugin_system:Skipping extension 'colcon_core.shell.bat': Not used on non-Windows systems
[0.360s] INFO:colcon.colcon_core.shell:Skip shell extension 'powershell' for command environment: Not usable outside of PowerShell
[0.360s] DEBUG:colcon.colcon_core.shell:Skip shell extension 'dsv' for command environment
[0.364s] INFO:colcon.colcon_ros.task.ament_cmake.build:Building ROS package in '/home/damian/Documents/project_NIODSR_ros2_ws/src/turtlebot3_simulations/turtlebot3_gazebo' with build type 'ament_cmake'
[0.364s] INFO:colcon.colcon_cmake.task.cmake.build:Building CMake package in '/home/damian/Documents/project_NIODSR_ros2_ws/src/turtlebot3_simulations/turtlebot3_gazebo'
[0.364s] INFO:colcon.colcon_core.shell:Skip shell extension 'powershell' for command environment: Not usable outside of PowerShell
[0.364s] DEBUG:colcon.colcon_core.shell:Skip shell extension 'dsv' for command environment
[0.367s] INFO:colcon.colcon_ros.task.ament_python.build:Building ROS package in '/home/damian/Documents/project_NIODSR_ros2_ws/src/turtlebot_control' with build type 'ament_python'
[0.368s] Level 1:colcon.colcon_core.shell:create_environment_hook('turtlebot_control', 'ament_prefix_path')
[0.368s] INFO:colcon.colcon_core.shell:Creating environment hook '/home/damian/Documents/project_NIODSR_ros2_ws/install/turtlebot_control/share/turtlebot_control/hook/ament_prefix_path.ps1'
[0.368s] INFO:colcon.colcon_core.shell:Creating environment descriptor '/home/damian/Documents/project_NIODSR_ros2_ws/install/turtlebot_control/share/turtlebot_control/hook/ament_prefix_path.dsv'
[0.369s] INFO:colcon.colcon_core.shell:Creating environment hook '/home/damian/Documents/project_NIODSR_ros2_ws/install/turtlebot_control/share/turtlebot_control/hook/ament_prefix_path.sh'
[0.370s] INFO:colcon.colcon_core.shell:Skip shell extension 'powershell' for command environment: Not usable outside of PowerShell
[0.370s] DEBUG:colcon.colcon_core.shell:Skip shell extension 'dsv' for command environment
[0.379s] DEBUG:colcon.colcon_core.event_handler.log_command:Invoking command in '/home/damian/Documents/project_NIODSR_ros2_ws/build/turtlebot3_fake_node': CMAKE_PREFIX_PATH=${CMAKE_PREFIX_PATH}:/home/damian/Documents/project_NIODSR_ros2_ws/install/turtlebot_control:/home/damian/Documents/project_NIODSR_ros2_ws/install/camera_subscriber:/opt/ros/humble /usr/bin/cmake --build /home/damian/Documents/project_NIODSR_ros2_ws/build/turtlebot3_fake_node -- -j12 -l12
[0.384s] DEBUG:colcon.colcon_core.event_handler.log_command:Invoking command in '/home/damian/Documents/project_NIODSR_ros2_ws/build/turtlebot3_gazebo': CMAKE_PREFIX_PATH=${CMAKE_PREFIX_PATH}:/home/damian/Documents/project_NIODSR_ros2_ws/install/turtlebot_control:/home/damian/Documents/project_NIODSR_ros2_ws/install/camera_subscriber:/opt/ros/humble /usr/bin/cmake --build /home/damian/Documents/project_NIODSR_ros2_ws/build/turtlebot3_gazebo -- -j12 -l12
[0.652s] INFO:colcon.colcon_core.task.python.build:Building Python package in '/home/damian/Documents/project_NIODSR_ros2_ws/src/turtlebot_control'
[0.652s] INFO:colcon.colcon_core.shell:Skip shell extension 'powershell' for command environment: Not usable outside of PowerShell
[0.652s] DEBUG:colcon.colcon_core.shell:Skip shell extension 'dsv' for command environment
[0.656s] DEBUG:colcon.colcon_core.event_handler.log_command:Invoked command in '/home/damian/Documents/project_NIODSR_ros2_ws/build/turtlebot3_fake_node' returned '0': CMAKE_PREFIX_PATH=${CMAKE_PREFIX_PATH}:/home/damian/Documents/project_NIODSR_ros2_ws/install/turtlebot_control:/home/damian/Documents/project_NIODSR_ros2_ws/install/camera_subscriber:/opt/ros/humble /usr/bin/cmake --build /home/damian/Documents/project_NIODSR_ros2_ws/build/turtlebot3_fake_node -- -j12 -l12
[0.664s] DEBUG:colcon.colcon_core.event_handler.log_command:Invoking command in '/home/damian/Documents/project_NIODSR_ros2_ws/build/turtlebot3_fake_node': CMAKE_PREFIX_PATH=${CMAKE_PREFIX_PATH}:/home/damian/Documents/project_NIODSR_ros2_ws/install/turtlebot_control:/home/damian/Documents/project_NIODSR_ros2_ws/install/camera_subscriber:/opt/ros/humble /usr/bin/cmake --install /home/damian/Documents/project_NIODSR_ros2_ws/build/turtlebot3_fake_node
[0.665s] DEBUG:colcon.colcon_core.event_handler.log_command:Invoked command in '/home/damian/Documents/project_NIODSR_ros2_ws/build/turtlebot3_gazebo' returned '0': CMAKE_PREFIX_PATH=${CMAKE_PREFIX_PATH}:/home/damian/Documents/project_NIODSR_ros2_ws/install/turtlebot_control:/home/damian/Documents/project_NIODSR_ros2_ws/install/camera_subscriber:/opt/ros/humble /usr/bin/cmake --build /home/damian/Documents/project_NIODSR_ros2_ws/build/turtlebot3_gazebo -- -j12 -l12
[0.667s] DEBUG:colcon.colcon_core.event_handler.log_command:Invoking command in '/home/damian/Documents/project_NIODSR_ros2_ws/build/turtlebot3_gazebo': CMAKE_PREFIX_PATH=${CMAKE_PREFIX_PATH}:/home/damian/Documents/project_NIODSR_ros2_ws/install/turtlebot_control:/home/damian/Documents/project_NIODSR_ros2_ws/install/camera_subscriber:/opt/ros/humble /usr/bin/cmake --install /home/damian/Documents/project_NIODSR_ros2_ws/build/turtlebot3_gazebo
[0.675s] Level 1:colcon.colcon_core.environment:create_environment_scripts_only(turtlebot3_fake_node)
[0.677s] DEBUG:colcon.colcon_core.event_handler.log_command:Invoked command in '/home/damian/Documents/project_NIODSR_ros2_ws/build/turtlebot3_fake_node' returned '0': CMAKE_PREFIX_PATH=${CMAKE_PREFIX_PATH}:/home/damian/Documents/project_NIODSR_ros2_ws/install/turtlebot_control:/home/damian/Documents/project_NIODSR_ros2_ws/install/camera_subscriber:/opt/ros/humble /usr/bin/cmake --install /home/damian/Documents/project_NIODSR_ros2_ws/build/turtlebot3_fake_node
[0.680s] Level 1:colcon.colcon_core.environment:checking '/home/damian/Documents/project_NIODSR_ros2_ws/install/turtlebot3_fake_node' for CMake module files
[0.681s] Level 1:colcon.colcon_core.environment:checking '/home/damian/Documents/project_NIODSR_ros2_ws/install/turtlebot3_fake_node' for CMake config files
[0.683s] Level 1:colcon.colcon_core.shell:create_environment_hook('turtlebot3_fake_node', 'cmake_prefix_path')
[0.684s] INFO:colcon.colcon_core.shell:Creating environment hook '/home/damian/Documents/project_NIODSR_ros2_ws/install/turtlebot3_fake_node/share/turtlebot3_fake_node/hook/cmake_prefix_path.ps1'
[0.685s] INFO:colcon.colcon_core.shell:Creating environment descriptor '/home/damian/Documents/project_NIODSR_ros2_ws/install/turtlebot3_fake_node/share/turtlebot3_fake_node/hook/cmake_prefix_path.dsv'
[0.686s] INFO:colcon.colcon_core.shell:Creating environment hook '/home/damian/Documents/project_NIODSR_ros2_ws/install/turtlebot3_fake_node/share/turtlebot3_fake_node/hook/cmake_prefix_path.sh'
[0.687s] Level 1:colcon.colcon_core.environment:checking '/home/damian/Documents/project_NIODSR_ros2_ws/install/turtlebot3_fake_node/lib'
[0.687s] Level 1:colcon.colcon_core.environment:checking '/home/damian/Documents/project_NIODSR_ros2_ws/install/turtlebot3_fake_node/bin'
[0.687s] Level 1:colcon.colcon_core.environment:checking '/home/damian/Documents/project_NIODSR_ros2_ws/install/turtlebot3_fake_node/lib/pkgconfig/turtlebot3_fake_node.pc'
[0.688s] Level 1:colcon.colcon_core.environment:checking '/home/damian/Documents/project_NIODSR_ros2_ws/install/turtlebot3_fake_node/lib/python3.10/site-packages'
[0.688s] Level 1:colcon.colcon_core.environment:checking '/home/damian/Documents/project_NIODSR_ros2_ws/install/turtlebot3_fake_node/bin'
[0.688s] INFO:colcon.colcon_core.shell:Creating package script '/home/damian/Documents/project_NIODSR_ros2_ws/install/turtlebot3_fake_node/share/turtlebot3_fake_node/package.ps1'
[0.689s] INFO:colcon.colcon_core.shell:Creating package descriptor '/home/damian/Documents/project_NIODSR_ros2_ws/install/turtlebot3_fake_node/share/turtlebot3_fake_node/package.dsv'
[0.690s] INFO:colcon.colcon_core.shell:Creating package script '/home/damian/Documents/project_NIODSR_ros2_ws/install/turtlebot3_fake_node/share/turtlebot3_fake_node/package.sh'
[0.690s] INFO:colcon.colcon_core.shell:Creating package script '/home/damian/Documents/project_NIODSR_ros2_ws/install/turtlebot3_fake_node/share/turtlebot3_fake_node/package.bash'
[0.692s] INFO:colcon.colcon_core.shell:Creating package script '/home/damian/Documents/project_NIODSR_ros2_ws/install/turtlebot3_fake_node/share/turtlebot3_fake_node/package.zsh'
[0.693s] Level 1:colcon.colcon_core.environment:create_file_with_runtime_dependencies(/home/damian/Documents/project_NIODSR_ros2_ws/install/turtlebot3_fake_node/share/colcon-core/packages/turtlebot3_fake_node)
[0.695s] Level 1:colcon.colcon_core.environment:create_environment_scripts_only(turtlebot3_fake_node)
[0.695s] Level 1:colcon.colcon_core.environment:checking '/home/damian/Documents/project_NIODSR_ros2_ws/install/turtlebot3_fake_node' for CMake module files
[0.697s] Level 1:colcon.colcon_core.environment:checking '/home/damian/Documents/project_NIODSR_ros2_ws/install/turtlebot3_fake_node' for CMake config files
[0.698s] Level 1:colcon.colcon_core.shell:create_environment_hook('turtlebot3_fake_node', 'cmake_prefix_path')
[0.699s] INFO:colcon.colcon_core.shell:Creating environment hook '/home/damian/Documents/project_NIODSR_ros2_ws/install/turtlebot3_fake_node/share/turtlebot3_fake_node/hook/cmake_prefix_path.ps1'
[0.699s] INFO:colcon.colcon_core.shell:Creating environment descriptor '/home/damian/Documents/project_NIODSR_ros2_ws/install/turtlebot3_fake_node/share/turtlebot3_fake_node/hook/cmake_prefix_path.dsv'
[0.700s] INFO:colcon.colcon_core.shell:Creating environment hook '/home/damian/Documents/project_NIODSR_ros2_ws/install/turtlebot3_fake_node/share/turtlebot3_fake_node/hook/cmake_prefix_path.sh'
[0.700s] Level 1:colcon.colcon_core.environment:checking '/home/damian/Documents/project_NIODSR_ros2_ws/install/turtlebot3_fake_node/lib'
[0.700s] Level 1:colcon.colcon_core.environment:checking '/home/damian/Documents/project_NIODSR_ros2_ws/install/turtlebot3_fake_node/bin'
[0.700s] Level 1:colcon.colcon_core.environment:checking '/home/damian/Documents/project_NIODSR_ros2_ws/install/turtlebot3_fake_node/lib/pkgconfig/turtlebot3_fake_node.pc'
[0.700s] Level 1:colcon.colcon_core.environment:checking '/home/damian/Documents/project_NIODSR_ros2_ws/install/turtlebot3_fake_node/lib/python3.10/site-packages'
[0.701s] Level 1:colcon.colcon_core.environment:checking '/home/damian/Documents/project_NIODSR_ros2_ws/install/turtlebot3_fake_node/bin'
[0.701s] INFO:colcon.colcon_core.shell:Creating package script '/home/damian/Documents/project_NIODSR_ros2_ws/install/turtlebot3_fake_node/share/turtlebot3_fake_node/package.ps1'
[0.702s] INFO:colcon.colcon_core.shell:Creating package descriptor '/home/damian/Documents/project_NIODSR_ros2_ws/install/turtlebot3_fake_node/share/turtlebot3_fake_node/package.dsv'
[0.703s] INFO:colcon.colcon_core.shell:Creating package script '/home/damian/Documents/project_NIODSR_ros2_ws/install/turtlebot3_fake_node/share/turtlebot3_fake_node/package.sh'
[0.703s] INFO:colcon.colcon_core.shell:Creating package script '/home/damian/Documents/project_NIODSR_ros2_ws/install/turtlebot3_fake_node/share/turtlebot3_fake_node/package.bash'
[0.704s] INFO:colcon.colcon_core.shell:Creating package script '/home/damian/Documents/project_NIODSR_ros2_ws/install/turtlebot3_fake_node/share/turtlebot3_fake_node/package.zsh'
[0.704s] Level 1:colcon.colcon_core.environment:create_file_with_runtime_dependencies(/home/damian/Documents/project_NIODSR_ros2_ws/install/turtlebot3_fake_node/share/colcon-core/packages/turtlebot3_fake_node)
[0.705s] Level 1:colcon.colcon_core.environment:create_environment_scripts_only(turtlebot3_gazebo)
[0.705s] Level 1:colcon.colcon_core.environment:checking '/home/damian/Documents/project_NIODSR_ros2_ws/install/turtlebot3_gazebo' for CMake module files
[0.705s] DEBUG:colcon.colcon_core.event_handler.log_command:Invoked command in '/home/damian/Documents/project_NIODSR_ros2_ws/build/turtlebot3_gazebo' returned '0': CMAKE_PREFIX_PATH=${CMAKE_PREFIX_PATH}:/home/damian/Documents/project_NIODSR_ros2_ws/install/turtlebot_control:/home/damian/Documents/project_NIODSR_ros2_ws/install/camera_subscriber:/opt/ros/humble /usr/bin/cmake --install /home/damian/Documents/project_NIODSR_ros2_ws/build/turtlebot3_gazebo
[0.706s] Level 1:colcon.colcon_core.environment:checking '/home/damian/Documents/project_NIODSR_ros2_ws/install/turtlebot3_gazebo' for CMake config files
[0.706s] Level 1:colcon.colcon_core.shell:create_environment_hook('turtlebot3_gazebo', 'cmake_prefix_path')
[0.706s] INFO:colcon.colcon_core.shell:Creating environment hook '/home/damian/Documents/project_NIODSR_ros2_ws/install/turtlebot3_gazebo/share/turtlebot3_gazebo/hook/cmake_prefix_path.ps1'
[0.707s] INFO:colcon.colcon_core.shell:Creating environment descriptor '/home/damian/Documents/project_NIODSR_ros2_ws/install/turtlebot3_gazebo/share/turtlebot3_gazebo/hook/cmake_prefix_path.dsv'
[0.707s] INFO:colcon.colcon_core.shell:Creating environment hook '/home/damian/Documents/project_NIODSR_ros2_ws/install/turtlebot3_gazebo/share/turtlebot3_gazebo/hook/cmake_prefix_path.sh'
[0.707s] Level 1:colcon.colcon_core.environment:checking '/home/damian/Documents/project_NIODSR_ros2_ws/install/turtlebot3_gazebo/lib'
[0.707s] Level 1:colcon.colcon_core.environment:checking '/home/damian/Documents/project_NIODSR_ros2_ws/install/turtlebot3_gazebo/bin'
[0.707s] Level 1:colcon.colcon_core.environment:checking '/home/damian/Documents/project_NIODSR_ros2_ws/install/turtlebot3_gazebo/lib/pkgconfig/turtlebot3_gazebo.pc'
[0.708s] Level 1:colcon.colcon_core.environment:checking '/home/damian/Documents/project_NIODSR_ros2_ws/install/turtlebot3_gazebo/lib/python3.10/site-packages'
[0.708s] Level 1:colcon.colcon_core.environment:checking '/home/damian/Documents/project_NIODSR_ros2_ws/install/turtlebot3_gazebo/bin'
[0.708s] INFO:colcon.colcon_core.shell:Creating package script '/home/damian/Documents/project_NIODSR_ros2_ws/install/turtlebot3_gazebo/share/turtlebot3_gazebo/package.ps1'
[0.709s] INFO:colcon.colcon_core.shell:Creating package descriptor '/home/damian/Documents/project_NIODSR_ros2_ws/install/turtlebot3_gazebo/share/turtlebot3_gazebo/package.dsv'
[0.709s] INFO:colcon.colcon_core.shell:Creating package script '/home/damian/Documents/project_NIODSR_ros2_ws/install/turtlebot3_gazebo/share/turtlebot3_gazebo/package.sh'
[0.709s] INFO:colcon.colcon_core.shell:Creating package script '/home/damian/Documents/project_NIODSR_ros2_ws/install/turtlebot3_gazebo/share/turtlebot3_gazebo/package.bash'
[0.709s] INFO:colcon.colcon_core.shell:Creating package script '/home/damian/Documents/project_NIODSR_ros2_ws/install/turtlebot3_gazebo/share/turtlebot3_gazebo/package.zsh'
[0.710s] Level 1:colcon.colcon_core.environment:create_file_with_runtime_dependencies(/home/damian/Documents/project_NIODSR_ros2_ws/install/turtlebot3_gazebo/share/colcon-core/packages/turtlebot3_gazebo)
[0.710s] Level 1:colcon.colcon_core.environment:create_environment_scripts_only(turtlebot3_gazebo)
[0.711s] Level 1:colcon.colcon_core.environment:checking '/home/damian/Documents/project_NIODSR_ros2_ws/install/turtlebot3_gazebo' for CMake module files
[0.711s] Level 1:colcon.colcon_core.environment:checking '/home/damian/Documents/project_NIODSR_ros2_ws/install/turtlebot3_gazebo' for CMake config files
[0.712s] Level 1:colcon.colcon_core.shell:create_environment_hook('turtlebot3_gazebo', 'cmake_prefix_path')
[0.712s] INFO:colcon.colcon_core.shell:Creating environment hook '/home/damian/Documents/project_NIODSR_ros2_ws/install/turtlebot3_gazebo/share/turtlebot3_gazebo/hook/cmake_prefix_path.ps1'
[0.713s] INFO:colcon.colcon_core.shell:Creating environment descriptor '/home/damian/Documents/project_NIODSR_ros2_ws/install/turtlebot3_gazebo/share/turtlebot3_gazebo/hook/cmake_prefix_path.dsv'
[0.713s] INFO:colcon.colcon_core.shell:Creating environment hook '/home/damian/Documents/project_NIODSR_ros2_ws/install/turtlebot3_gazebo/share/turtlebot3_gazebo/hook/cmake_prefix_path.sh'
[0.714s] Level 1:colcon.colcon_core.environment:checking '/home/damian/Documents/project_NIODSR_ros2_ws/install/turtlebot3_gazebo/lib'
[0.714s] Level 1:colcon.colcon_core.environment:checking '/home/damian/Documents/project_NIODSR_ros2_ws/install/turtlebot3_gazebo/bin'
[0.714s] Level 1:colcon.colcon_core.environment:checking '/home/damian/Documents/project_NIODSR_ros2_ws/install/turtlebot3_gazebo/lib/pkgconfig/turtlebot3_gazebo.pc'
[0.714s] Level 1:colcon.colcon_core.environment:checking '/home/damian/Documents/project_NIODSR_ros2_ws/install/turtlebot3_gazebo/lib/python3.10/site-packages'
[0.714s] Level 1:colcon.colcon_core.environment:checking '/home/damian/Documents/project_NIODSR_ros2_ws/install/turtlebot3_gazebo/bin'
[0.715s] INFO:colcon.colcon_core.shell:Creating package script '/home/damian/Documents/project_NIODSR_ros2_ws/install/turtlebot3_gazebo/share/turtlebot3_gazebo/package.ps1'
[0.715s] INFO:colcon.colcon_core.shell:Creating package descriptor '/home/damian/Documents/project_NIODSR_ros2_ws/install/turtlebot3_gazebo/share/turtlebot3_gazebo/package.dsv'
[0.716s] INFO:colcon.colcon_core.shell:Creating package script '/home/damian/Documents/project_NIODSR_ros2_ws/install/turtlebot3_gazebo/share/turtlebot3_gazebo/package.sh'
[0.716s] INFO:colcon.colcon_core.shell:Creating package script '/home/damian/Documents/project_NIODSR_ros2_ws/install/turtlebot3_gazebo/share/turtlebot3_gazebo/package.bash'
[0.717s] INFO:colcon.colcon_core.shell:Creating package script '/home/damian/Documents/project_NIODSR_ros2_ws/install/turtlebot3_gazebo/share/turtlebot3_gazebo/package.zsh'
[0.717s] Level 1:colcon.colcon_core.environment:create_file_with_runtime_dependencies(/home/damian/Documents/project_NIODSR_ros2_ws/install/turtlebot3_gazebo/share/colcon-core/packages/turtlebot3_gazebo)
[0.718s] INFO:colcon.colcon_ros.task.ament_cmake.build:Building ROS package in '/home/damian/Documents/project_NIODSR_ros2_ws/src/turtlebot3_simulations/turtlebot3_simulations' with build type 'ament_cmake'
[0.718s] INFO:colcon.colcon_cmake.task.cmake.build:Building CMake package in '/home/damian/Documents/project_NIODSR_ros2_ws/src/turtlebot3_simulations/turtlebot3_simulations'
[0.718s] INFO:colcon.colcon_core.shell:Skip shell extension 'powershell' for command environment: Not usable outside of PowerShell
[0.718s] DEBUG:colcon.colcon_core.shell:Skip shell extension 'dsv' for command environment
[0.729s] DEBUG:colcon.colcon_core.event_handler.log_command:Invoking command in '/home/damian/Documents/project_NIODSR_ros2_ws/build/turtlebot3_simulations': CMAKE_PREFIX_PATH=/home/damian/Documents/project_NIODSR_ros2_ws/install/turtlebot3_gazebo:/home/damian/Documents/project_NIODSR_ros2_ws/install/turtlebot3_fake_node:/home/damian/Documents/project_NIODSR_ros2_ws/install/turtlebot3_simulations:/home/damian/Documents/project_NIODSR_ros2_ws/install/turtlebot_control:/home/damian/Documents/project_NIODSR_ros2_ws/install/camera_subscriber:/opt/ros/humble /usr/bin/cmake --build /home/damian/Documents/project_NIODSR_ros2_ws/build/turtlebot3_simulations -- -j12 -l12
[0.768s] DEBUG:colcon.colcon_core.event_handler.log_command:Invoked command in '/home/damian/Documents/project_NIODSR_ros2_ws/build/turtlebot3_simulations' returned '0': CMAKE_PREFIX_PATH=/home/damian/Documents/project_NIODSR_ros2_ws/install/turtlebot3_gazebo:/home/damian/Documents/project_NIODSR_ros2_ws/install/turtlebot3_fake_node:/home/damian/Documents/project_NIODSR_ros2_ws/install/turtlebot3_simulations:/home/damian/Documents/project_NIODSR_ros2_ws/install/turtlebot_control:/home/damian/Documents/project_NIODSR_ros2_ws/install/camera_subscriber:/opt/ros/humble /usr/bin/cmake --build /home/damian/Documents/project_NIODSR_ros2_ws/build/turtlebot3_simulations -- -j12 -l12
[0.770s] DEBUG:colcon.colcon_core.event_handler.log_command:Invoking command in '/home/damian/Documents/project_NIODSR_ros2_ws/build/turtlebot3_simulations': CMAKE_PREFIX_PATH=/home/damian/Documents/project_NIODSR_ros2_ws/install/turtlebot3_gazebo:/home/damian/Documents/project_NIODSR_ros2_ws/install/turtlebot3_fake_node:/home/damian/Documents/project_NIODSR_ros2_ws/install/turtlebot3_simulations:/home/damian/Documents/project_NIODSR_ros2_ws/install/turtlebot_control:/home/damian/Documents/project_NIODSR_ros2_ws/install/camera_subscriber:/opt/ros/humble /usr/bin/cmake --install /home/damian/Documents/project_NIODSR_ros2_ws/build/turtlebot3_simulations
[0.781s] Level 1:colcon.colcon_core.environment:create_environment_scripts_only(turtlebot3_simulations)
[0.782s] Level 1:colcon.colcon_core.environment:checking '/home/damian/Documents/project_NIODSR_ros2_ws/install/turtlebot3_simulations' for CMake module files
[0.783s] DEBUG:colcon.colcon_core.event_handler.log_command:Invoked command in '/home/damian/Documents/project_NIODSR_ros2_ws/build/turtlebot3_simulations' returned '0': CMAKE_PREFIX_PATH=/home/damian/Documents/project_NIODSR_ros2_ws/install/turtlebot3_gazebo:/home/damian/Documents/project_NIODSR_ros2_ws/install/turtlebot3_fake_node:/home/damian/Documents/project_NIODSR_ros2_ws/install/turtlebot3_simulations:/home/damian/Documents/project_NIODSR_ros2_ws/install/turtlebot_control:/home/damian/Documents/project_NIODSR_ros2_ws/install/camera_subscriber:/opt/ros/humble /usr/bin/cmake --install /home/damian/Documents/project_NIODSR_ros2_ws/build/turtlebot3_simulations
[0.783s] Level 1:colcon.colcon_core.environment:checking '/home/damian/Documents/project_NIODSR_ros2_ws/install/turtlebot3_simulations' for CMake config files
[0.783s] Level 1:colcon.colcon_core.shell:create_environment_hook('turtlebot3_simulations', 'cmake_prefix_path')
[0.783s] INFO:colcon.colcon_core.shell:Creating environment hook '/home/damian/Documents/project_NIODSR_ros2_ws/install/turtlebot3_simulations/share/turtlebot3_simulations/hook/cmake_prefix_path.ps1'
[0.784s] INFO:colcon.colcon_core.shell:Creating environment descriptor '/home/damian/Documents/project_NIODSR_ros2_ws/install/turtlebot3_simulations/share/turtlebot3_simulations/hook/cmake_prefix_path.dsv'
[0.784s] INFO:colcon.colcon_core.shell:Creating environment hook '/home/damian/Documents/project_NIODSR_ros2_ws/install/turtlebot3_simulations/share/turtlebot3_simulations/hook/cmake_prefix_path.sh'
[0.785s] Level 1:colcon.colcon_core.environment:checking '/home/damian/Documents/project_NIODSR_ros2_ws/install/turtlebot3_simulations/bin'
[0.785s] Level 1:colcon.colcon_core.environment:checking '/home/damian/Documents/project_NIODSR_ros2_ws/install/turtlebot3_simulations/lib/pkgconfig/turtlebot3_simulations.pc'
[0.785s] Level 1:colcon.colcon_core.environment:checking '/home/damian/Documents/project_NIODSR_ros2_ws/install/turtlebot3_simulations/lib/python3.10/site-packages'
[0.785s] Level 1:colcon.colcon_core.environment:checking '/home/damian/Documents/project_NIODSR_ros2_ws/install/turtlebot3_simulations/bin'
[0.785s] INFO:colcon.colcon_core.shell:Creating package script '/home/damian/Documents/project_NIODSR_ros2_ws/install/turtlebot3_simulations/share/turtlebot3_simulations/package.ps1'
[0.786s] INFO:colcon.colcon_core.shell:Creating package descriptor '/home/damian/Documents/project_NIODSR_ros2_ws/install/turtlebot3_simulations/share/turtlebot3_simulations/package.dsv'
[0.786s] INFO:colcon.colcon_core.shell:Creating package script '/home/damian/Documents/project_NIODSR_ros2_ws/install/turtlebot3_simulations/share/turtlebot3_simulations/package.sh'
[0.786s] INFO:colcon.colcon_core.shell:Creating package script '/home/damian/Documents/project_NIODSR_ros2_ws/install/turtlebot3_simulations/share/turtlebot3_simulations/package.bash'
[0.787s] INFO:colcon.colcon_core.shell:Creating package script '/home/damian/Documents/project_NIODSR_ros2_ws/install/turtlebot3_simulations/share/turtlebot3_simulations/package.zsh'
[0.787s] Level 1:colcon.colcon_core.environment:create_file_with_runtime_dependencies(/home/damian/Documents/project_NIODSR_ros2_ws/install/turtlebot3_simulations/share/colcon-core/packages/turtlebot3_simulations)
[0.787s] Level 1:colcon.colcon_core.environment:create_environment_scripts_only(turtlebot3_simulations)
[0.787s] Level 1:colcon.colcon_core.environment:checking '/home/damian/Documents/project_NIODSR_ros2_ws/install/turtlebot3_simulations' for CMake module files
[0.788s] Level 1:colcon.colcon_core.environment:checking '/home/damian/Documents/project_NIODSR_ros2_ws/install/turtlebot3_simulations' for CMake config files
[0.788s] Level 1:colcon.colcon_core.shell:create_environment_hook('turtlebot3_simulations', 'cmake_prefix_path')
[0.788s] INFO:colcon.colcon_core.shell:Creating environment hook '/home/damian/Documents/project_NIODSR_ros2_ws/install/turtlebot3_simulations/share/turtlebot3_simulations/hook/cmake_prefix_path.ps1'
[0.788s] INFO:colcon.colcon_core.shell:Creating environment descriptor '/home/damian/Documents/project_NIODSR_ros2_ws/install/turtlebot3_simulations/share/turtlebot3_simulations/hook/cmake_prefix_path.dsv'
[0.789s] INFO:colcon.colcon_core.shell:Creating environment hook '/home/damian/Documents/project_NIODSR_ros2_ws/install/turtlebot3_simulations/share/turtlebot3_simulations/hook/cmake_prefix_path.sh'
[0.789s] Level 1:colcon.colcon_core.environment:checking '/home/damian/Documents/project_NIODSR_ros2_ws/install/turtlebot3_simulations/bin'
[0.789s] Level 1:colcon.colcon_core.environment:checking '/home/damian/Documents/project_NIODSR_ros2_ws/install/turtlebot3_simulations/lib/pkgconfig/turtlebot3_simulations.pc'
[0.789s] Level 1:colcon.colcon_core.environment:checking '/home/damian/Documents/project_NIODSR_ros2_ws/install/turtlebot3_simulations/lib/python3.10/site-packages'
[0.789s] Level 1:colcon.colcon_core.environment:checking '/home/damian/Documents/project_NIODSR_ros2_ws/install/turtlebot3_simulations/bin'
[0.790s] INFO:colcon.colcon_core.shell:Creating package script '/home/damian/Documents/project_NIODSR_ros2_ws/install/turtlebot3_simulations/share/turtlebot3_simulations/package.ps1'
[0.790s] INFO:colcon.colcon_core.shell:Creating package descriptor '/home/damian/Documents/project_NIODSR_ros2_ws/install/turtlebot3_simulations/share/turtlebot3_simulations/package.dsv'
[0.790s] INFO:colcon.colcon_core.shell:Creating package script '/home/damian/Documents/project_NIODSR_ros2_ws/install/turtlebot3_simulations/share/turtlebot3_simulations/package.sh'
[0.791s] INFO:colcon.colcon_core.shell:Creating package script '/home/damian/Documents/project_NIODSR_ros2_ws/install/turtlebot3_simulations/share/turtlebot3_simulations/package.bash'
[0.791s] INFO:colcon.colcon_core.shell:Creating package script '/home/damian/Documents/project_NIODSR_ros2_ws/install/turtlebot3_simulations/share/turtlebot3_simulations/package.zsh'
[0.791s] Level 1:colcon.colcon_core.environment:create_file_with_runtime_dependencies(/home/damian/Documents/project_NIODSR_ros2_ws/install/turtlebot3_simulations/share/colcon-core/packages/turtlebot3_simulations)
[1.064s] DEBUG:colcon.colcon_core.event_handler.log_command:Invoking command in '/home/damian/Documents/project_NIODSR_ros2_ws/src/turtlebot_control': PYTHONPATH=/home/damian/Documents/project_NIODSR_ros2_ws/build/turtlebot_control/prefix_override:/usr/lib/python3/dist-packages/colcon_core/task/python/colcon_distutils_commands:/home/damian/Documents/project_NIODSR_ros2_ws/install/turtlebot_control/lib/python3.10/site-packages:${PYTHONPATH} /usr/bin/python3 -W ignore:setup.py install is deprecated -W ignore:easy_install command is deprecated setup.py egg_info --egg-base ../../build/turtlebot_control build --build-base /home/damian/Documents/project_NIODSR_ros2_ws/build/turtlebot_control/build install --record /home/damian/Documents/project_NIODSR_ros2_ws/build/turtlebot_control/install.log --single-version-externally-managed install_data
[1.356s] Level 1:colcon.colcon_core.environment:checking '/home/damian/Documents/project_NIODSR_ros2_ws/install/turtlebot_control' for CMake module files
[1.357s] DEBUG:colcon.colcon_core.event_handler.log_command:Invoked command in '/home/damian/Documents/project_NIODSR_ros2_ws/src/turtlebot_control' returned '0': PYTHONPATH=/home/damian/Documents/project_NIODSR_ros2_ws/build/turtlebot_control/prefix_override:/usr/lib/python3/dist-packages/colcon_core/task/python/colcon_distutils_commands:/home/damian/Documents/project_NIODSR_ros2_ws/install/turtlebot_control/lib/python3.10/site-packages:${PYTHONPATH} /usr/bin/python3 -W ignore:setup.py install is deprecated -W ignore:easy_install command is deprecated setup.py egg_info --egg-base ../../build/turtlebot_control build --build-base /home/damian/Documents/project_NIODSR_ros2_ws/build/turtlebot_control/build install --record /home/damian/Documents/project_NIODSR_ros2_ws/build/turtlebot_control/install.log --single-version-externally-managed install_data
[1.357s] Level 1:colcon.colcon_core.environment:checking '/home/damian/Documents/project_NIODSR_ros2_ws/install/turtlebot_control' for CMake config files
[1.357s] Level 1:colcon.colcon_core.environment:checking '/home/damian/Documents/project_NIODSR_ros2_ws/install/turtlebot_control/lib'
[1.357s] Level 1:colcon.colcon_core.environment:checking '/home/damian/Documents/project_NIODSR_ros2_ws/install/turtlebot_control/bin'
[1.358s] Level 1:colcon.colcon_core.environment:checking '/home/damian/Documents/project_NIODSR_ros2_ws/install/turtlebot_control/lib/pkgconfig/turtlebot_control.pc'
[1.358s] Level 1:colcon.colcon_core.environment:checking '/home/damian/Documents/project_NIODSR_ros2_ws/install/turtlebot_control/lib/python3.10/site-packages'
[1.358s] Level 1:colcon.colcon_core.shell:create_environment_hook('turtlebot_control', 'pythonpath')
[1.358s] INFO:colcon.colcon_core.shell:Creating environment hook '/home/damian/Documents/project_NIODSR_ros2_ws/install/turtlebot_control/share/turtlebot_control/hook/pythonpath.ps1'
[1.359s] INFO:colcon.colcon_core.shell:Creating environment descriptor '/home/damian/Documents/project_NIODSR_ros2_ws/install/turtlebot_control/share/turtlebot_control/hook/pythonpath.dsv'
[1.359s] INFO:colcon.colcon_core.shell:Creating environment hook '/home/damian/Documents/project_NIODSR_ros2_ws/install/turtlebot_control/share/turtlebot_control/hook/pythonpath.sh'
[1.359s] Level 1:colcon.colcon_core.environment:checking '/home/damian/Documents/project_NIODSR_ros2_ws/install/turtlebot_control/bin'
[1.360s] Level 1:colcon.colcon_core.environment:create_environment_scripts_only(turtlebot_control)
[1.360s] INFO:colcon.colcon_core.shell:Creating package script '/home/damian/Documents/project_NIODSR_ros2_ws/install/turtlebot_control/share/turtlebot_control/package.ps1'
[1.360s] INFO:colcon.colcon_core.shell:Creating package descriptor '/home/damian/Documents/project_NIODSR_ros2_ws/install/turtlebot_control/share/turtlebot_control/package.dsv'
[1.361s] INFO:colcon.colcon_core.shell:Creating package script '/home/damian/Documents/project_NIODSR_ros2_ws/install/turtlebot_control/share/turtlebot_control/package.sh'
[1.361s] INFO:colcon.colcon_core.shell:Creating package script '/home/damian/Documents/project_NIODSR_ros2_ws/install/turtlebot_control/share/turtlebot_control/package.bash'
[1.361s] INFO:colcon.colcon_core.shell:Creating package script '/home/damian/Documents/project_NIODSR_ros2_ws/install/turtlebot_control/share/turtlebot_control/package.zsh'
[1.361s] Level 1:colcon.colcon_core.environment:create_file_with_runtime_dependencies(/home/damian/Documents/project_NIODSR_ros2_ws/install/turtlebot_control/share/colcon-core/packages/turtlebot_control)
[1.362s] DEBUG:colcon.colcon_parallel_executor.executor.parallel:closing loop
[1.362s] DEBUG:colcon.colcon_parallel_executor.executor.parallel:loop closed
[1.362s] DEBUG:colcon.colcon_parallel_executor.executor.parallel:run_until_complete finished with '0'
[1.362s] DEBUG:colcon.colcon_core.event_reactor:joining thread
[1.366s] INFO:colcon.colcon_core.plugin_system:Skipping extension 'colcon_notification.desktop_notification.terminal_notifier': Not used on non-Darwin systems
[1.366s] INFO:colcon.colcon_core.plugin_system:Skipping extension 'colcon_notification.desktop_notification.win32': Not used on non-Windows systems
[1.367s] INFO:colcon.colcon_notification.desktop_notification:Sending desktop notification using 'notify2'
[1.376s] DEBUG:colcon.colcon_core.event_reactor:joined thread
[1.376s] INFO:colcon.colcon_core.shell:Creating prefix script '/home/damian/Documents/project_NIODSR_ros2_ws/install/local_setup.ps1'
[1.377s] INFO:colcon.colcon_core.shell:Creating prefix util module '/home/damian/Documents/project_NIODSR_ros2_ws/install/_local_setup_util_ps1.py'
[1.378s] INFO:colcon.colcon_core.shell:Creating prefix chain script '/home/damian/Documents/project_NIODSR_ros2_ws/install/setup.ps1'
[1.379s] INFO:colcon.colcon_core.shell:Creating prefix script '/home/damian/Documents/project_NIODSR_ros2_ws/install/local_setup.sh'
[1.379s] INFO:colcon.colcon_core.shell:Creating prefix util module '/home/damian/Documents/project_NIODSR_ros2_ws/install/_local_setup_util_sh.py'
[1.380s] INFO:colcon.colcon_core.shell:Creating prefix chain script '/home/damian/Documents/project_NIODSR_ros2_ws/install/setup.sh'
[1.381s] INFO:colcon.colcon_core.shell:Creating prefix script '/home/damian/Documents/project_NIODSR_ros2_ws/install/local_setup.bash'
[1.381s] INFO:colcon.colcon_core.shell:Creating prefix chain script '/home/damian/Documents/project_NIODSR_ros2_ws/install/setup.bash'
[1.382s] INFO:colcon.colcon_core.shell:Creating prefix script '/home/damian/Documents/project_NIODSR_ros2_ws/install/local_setup.zsh'
[1.383s] INFO:colcon.colcon_core.shell:Creating prefix chain script '/home/damian/Documents/project_NIODSR_ros2_ws/install/setup.zsh'
