[0.088s] DEBUG:colcon:Command line arguments: ['/usr/bin/colcon', 'build']
[0.088s] DEBUG:colcon:Parsed command line arguments: Namespace(log_base=None, log_level=None, verb_name='build', build_base='build', install_base='install', merge_install=False, symlink_install=False, test_result_base=None, continue_on_error=False, executor='parallel', parallel_workers=12, event_handlers=None, ignore_user_meta=False, metas=['./colcon.meta'], base_paths=['.'], packages_ignore=None, packages_ignore_regex=None, paths=None, packages_up_to=None, packages_up_to_regex=None, packages_above=None, packages_above_and_dependencies=None, packages_above_depth=None, packages_select_by_dep=None, packages_skip_by_dep=None, packages_skip_up_to=None, packages_select_build_failed=False, packages_skip_build_finished=False, packages_select_test_failures=False, packages_skip_test_passed=False, packages_select=None, packages_skip=None, packages_select_regex=None, packages_skip_regex=None, packages_start=None, packages_end=None, allow_overriding=[], cmake_args=None, cmake_target=None, cmake_target_skip_unavailable=False, cmake_clean_cache=False, cmake_clean_first=False, cmake_force_configure=False, ament_cmake_args=None, catkin_cmake_args=None, catkin_skip_building_tests=False, mixin_files=None, mixin=None, verb_parser=<colcon_mixin.mixin.mixin_argument.MixinArgumentDecorator object at 0x720f7aa08670>, verb_extension=<colcon_core.verb.build.BuildVerb object at 0x720f7ab21540>, main=<bound method BuildVerb.main of <colcon_core.verb.build.BuildVerb object at 0x720f7ab21540>>, mixin_verb=('build',))
[0.257s] Level 1:colcon.colcon_core.package_discovery:discover_packages(colcon_meta) check parameters
[0.257s] Level 1:colcon.colcon_core.package_discovery:discover_packages(recursive) check parameters
[0.257s] Level 1:colcon.colcon_core.package_discovery:discover_packages(ignore) check parameters
[0.257s] Level 1:colcon.colcon_core.package_discovery:discover_packages(path) check parameters
[0.257s] Level 1:colcon.colcon_core.package_discovery:discover_packages(colcon_meta) discover
[0.257s] Level 1:colcon.colcon_core.package_discovery:discover_packages(recursive) discover
[0.257s] INFO:colcon.colcon_core.package_discovery:Crawling recursively for packages in '/home/damian/Documents/project_NIODSR_ros2_ws'
[0.257s] Level 1:colcon.colcon_core.package_identification:_identify(.) by extensions ['ignore', 'ignore_ament_install']
[0.257s] Level 1:colcon.colcon_core.package_identification:_identify(.) by extension 'ignore'
[0.257s] Level 1:colcon.colcon_core.package_identification:_identify(.) by extension 'ignore_ament_install'
[0.257s] Level 1:colcon.colcon_core.package_identification:_identify(.) by extensions ['colcon_pkg']
[0.257s] Level 1:colcon.colcon_core.package_identification:_identify(.) by extension 'colcon_pkg'
[0.258s] Level 1:colcon.colcon_core.package_identification:_identify(.) by extensions ['colcon_meta']
[0.258s] Level 1:colcon.colcon_core.package_identification:_identify(.) by extension 'colcon_meta'
[0.258s] Level 1:colcon.colcon_core.package_identification:_identify(.) by extensions ['ros']
[0.258s] Level 1:colcon.colcon_core.package_identification:_identify(.) by extension 'ros'
[0.288s] Level 1:colcon.colcon_core.package_identification:_identify(.) by extensions ['cmake', 'python']
[0.288s] Level 1:colcon.colcon_core.package_identification:_identify(.) by extension 'cmake'
[0.288s] Level 1:colcon.colcon_core.package_identification:_identify(.) by extension 'python'
[0.288s] Level 1:colcon.colcon_core.package_identification:_identify(.) by extensions ['python_setup_py']
[0.288s] Level 1:colcon.colcon_core.package_identification:_identify(.) by extension 'python_setup_py'
[0.288s] Level 1:colcon.colcon_core.package_identification:_identify(build) by extensions ['ignore', 'ignore_ament_install']
[0.289s] Level 1:colcon.colcon_core.package_identification:_identify(build) by extension 'ignore'
[0.289s] Level 1:colcon.colcon_core.package_identification:_identify(build) ignored
[0.289s] Level 1:colcon.colcon_core.package_identification:_identify(install) by extensions ['ignore', 'ignore_ament_install']
[0.289s] Level 1:colcon.colcon_core.package_identification:_identify(install) by extension 'ignore'
[0.289s] Level 1:colcon.colcon_core.package_identification:_identify(install) ignored
[0.289s] Level 1:colcon.colcon_core.package_identification:_identify(log) by extensions ['ignore', 'ignore_ament_install']
[0.289s] Level 1:colcon.colcon_core.package_identification:_identify(log) by extension 'ignore'
[0.289s] Level 1:colcon.colcon_core.package_identification:_identify(log) ignored
[0.289s] Level 1:colcon.colcon_core.package_identification:_identify(src) by extensions ['ignore', 'ignore_ament_install']
[0.289s] Level 1:colcon.colcon_core.package_identification:_identify(src) by extension 'ignore'
[0.290s] Level 1:colcon.colcon_core.package_identification:_identify(src) by extension 'ignore_ament_install'
[0.290s] Level 1:colcon.colcon_core.package_identification:_identify(src) by extensions ['colcon_pkg']
[0.290s] Level 1:colcon.colcon_core.package_identification:_identify(src) by extension 'colcon_pkg'
[0.290s] Level 1:colcon.colcon_core.package_identification:_identify(src) by extensions ['colcon_meta']
[0.290s] Level 1:colcon.colcon_core.package_identification:_identify(src) by extension 'colcon_meta'
[0.290s] Level 1:colcon.colcon_core.package_identification:_identify(src) by extensions ['ros']
[0.290s] Level 1:colcon.colcon_core.package_identification:_identify(src) by extension 'ros'
[0.290s] Level 1:colcon.colcon_core.package_identification:_identify(src) by extensions ['cmake', 'python']
[0.290s] Level 1:colcon.colcon_core.package_identification:_identify(src) by extension 'cmake'
[0.290s] Level 1:colcon.colcon_core.package_identification:_identify(src) by extension 'python'
[0.290s] Level 1:colcon.colcon_core.package_identification:_identify(src) by extensions ['python_setup_py']
[0.290s] Level 1:colcon.colcon_core.package_identification:_identify(src) by extension 'python_setup_py'
[0.290s] Level 1:colcon.colcon_core.package_identification:_identify(src/turtlebot3_simulations) by extensions ['ignore', 'ignore_ament_install']
[0.290s] Level 1:colcon.colcon_core.package_identification:_identify(src/turtlebot3_simulations) by extension 'ignore'
[0.290s] Level 1:colcon.colcon_core.package_identification:_identify(src/turtlebot3_simulations) by extension 'ignore_ament_install'
[0.290s] Level 1:colcon.colcon_core.package_identification:_identify(src/turtlebot3_simulations) by extensions ['colcon_pkg']
[0.290s] Level 1:colcon.colcon_core.package_identification:_identify(src/turtlebot3_simulations) by extension 'colcon_pkg'
[0.290s] Level 1:colcon.colcon_core.package_identification:_identify(src/turtlebot3_simulations) by extensions ['colcon_meta']
[0.290s] Level 1:colcon.colcon_core.package_identification:_identify(src/turtlebot3_simulations) by extension 'colcon_meta'
[0.290s] Level 1:colcon.colcon_core.package_identification:_identify(src/turtlebot3_simulations) by extensions ['ros']
[0.290s] Level 1:colcon.colcon_core.package_identification:_identify(src/turtlebot3_simulations) by extension 'ros'
[0.290s] Level 1:colcon.colcon_core.package_identification:_identify(src/turtlebot3_simulations) by extensions ['cmake', 'python']
[0.291s] Level 1:colcon.colcon_core.package_identification:_identify(src/turtlebot3_simulations) by extension 'cmake'
[0.291s] Level 1:colcon.colcon_core.package_identification:_identify(src/turtlebot3_simulations) by extension 'python'
[0.291s] Level 1:colcon.colcon_core.package_identification:_identify(src/turtlebot3_simulations) by extensions ['python_setup_py']
[0.291s] Level 1:colcon.colcon_core.package_identification:_identify(src/turtlebot3_simulations) by extension 'python_setup_py'
[0.291s] Level 1:colcon.colcon_core.package_identification:_identify(src/turtlebot3_simulations/turtlebot3_fake_node) by extensions ['ignore', 'ignore_ament_install']
[0.291s] Level 1:colcon.colcon_core.package_identification:_identify(src/turtlebot3_simulations/turtlebot3_fake_node) by extension 'ignore'
[0.291s] Level 1:colcon.colcon_core.package_identification:_identify(src/turtlebot3_simulations/turtlebot3_fake_node) by extension 'ignore_ament_install'
[0.291s] Level 1:colcon.colcon_core.package_identification:_identify(src/turtlebot3_simulations/turtlebot3_fake_node) by extensions ['colcon_pkg']
[0.291s] Level 1:colcon.colcon_core.package_identification:_identify(src/turtlebot3_simulations/turtlebot3_fake_node) by extension 'colcon_pkg'
[0.291s] Level 1:colcon.colcon_core.package_identification:_identify(src/turtlebot3_simulations/turtlebot3_fake_node) by extensions ['colcon_meta']
[0.291s] Level 1:colcon.colcon_core.package_identification:_identify(src/turtlebot3_simulations/turtlebot3_fake_node) by extension 'colcon_meta'
[0.291s] Level 1:colcon.colcon_core.package_identification:_identify(src/turtlebot3_simulations/turtlebot3_fake_node) by extensions ['ros']
[0.291s] Level 1:colcon.colcon_core.package_identification:_identify(src/turtlebot3_simulations/turtlebot3_fake_node) by extension 'ros'
[0.295s] DEBUG:colcon.colcon_core.package_identification:Package 'src/turtlebot3_simulations/turtlebot3_fake_node' with type 'ros.ament_cmake' and name 'turtlebot3_fake_node'
[0.295s] Level 1:colcon.colcon_core.package_identification:_identify(src/turtlebot3_simulations/turtlebot3_gazebo) by extensions ['ignore', 'ignore_ament_install']
[0.296s] Level 1:colcon.colcon_core.package_identification:_identify(src/turtlebot3_simulations/turtlebot3_gazebo) by extension 'ignore'
[0.296s] Level 1:colcon.colcon_core.package_identification:_identify(src/turtlebot3_simulations/turtlebot3_gazebo) by extension 'ignore_ament_install'
[0.296s] Level 1:colcon.colcon_core.package_identification:_identify(src/turtlebot3_simulations/turtlebot3_gazebo) by extensions ['colcon_pkg']
[0.296s] Level 1:colcon.colcon_core.package_identification:_identify(src/turtlebot3_simulations/turtlebot3_gazebo) by extension 'colcon_pkg'
[0.296s] Level 1:colcon.colcon_core.package_identification:_identify(src/turtlebot3_simulations/turtlebot3_gazebo) by extensions ['colcon_meta']
[0.296s] Level 1:colcon.colcon_core.package_identification:_identify(src/turtlebot3_simulations/turtlebot3_gazebo) by extension 'colcon_meta'
[0.296s] Level 1:colcon.colcon_core.package_identification:_identify(src/turtlebot3_simulations/turtlebot3_gazebo) by extensions ['ros']
[0.296s] Level 1:colcon.colcon_core.package_identification:_identify(src/turtlebot3_simulations/turtlebot3_gazebo) by extension 'ros'
[0.297s] DEBUG:colcon.colcon_core.package_identification:Package 'src/turtlebot3_simulations/turtlebot3_gazebo' with type 'ros.ament_cmake' and name 'turtlebot3_gazebo'
[0.298s] Level 1:colcon.colcon_core.package_identification:_identify(src/turtlebot3_simulations/turtlebot3_simulations) by extensions ['ignore', 'ignore_ament_install']
[0.298s] Level 1:colcon.colcon_core.package_identification:_identify(src/turtlebot3_simulations/turtlebot3_simulations) by extension 'ignore'
[0.298s] Level 1:colcon.colcon_core.package_identification:_identify(src/turtlebot3_simulations/turtlebot3_simulations) by extension 'ignore_ament_install'
[0.298s] Level 1:colcon.colcon_core.package_identification:_identify(src/turtlebot3_simulations/turtlebot3_simulations) by extensions ['colcon_pkg']
[0.298s] Level 1:colcon.colcon_core.package_identification:_identify(src/turtlebot3_simulations/turtlebot3_simulations) by extension 'colcon_pkg'
[0.298s] Level 1:colcon.colcon_core.package_identification:_identify(src/turtlebot3_simulations/turtlebot3_simulations) by extensions ['colcon_meta']
[0.298s] Level 1:colcon.colcon_core.package_identification:_identify(src/turtlebot3_simulations/turtlebot3_simulations) by extension 'colcon_meta'
[0.298s] Level 1:colcon.colcon_core.package_identification:_identify(src/turtlebot3_simulations/turtlebot3_simulations) by extensions ['ros']
[0.298s] Level 1:colcon.colcon_core.package_identification:_identify(src/turtlebot3_simulations/turtlebot3_simulations) by extension 'ros'
[0.299s] DEBUG:colcon.colcon_core.package_identification:Package 'src/turtlebot3_simulations/turtlebot3_simulations' with type 'ros.ament_cmake' and name 'turtlebot3_simulations'
[0.299s] Level 1:colcon.colcon_core.package_identification:_identify(src/turtlebot_control) by extensions ['ignore', 'ignore_ament_install']
[0.299s] Level 1:colcon.colcon_core.package_identification:_identify(src/turtlebot_control) by extension 'ignore'
[0.299s] Level 1:colcon.colcon_core.package_identification:_identify(src/turtlebot_control) by extension 'ignore_ament_install'
[0.299s] Level 1:colcon.colcon_core.package_identification:_identify(src/turtlebot_control) by extensions ['colcon_pkg']
[0.299s] Level 1:colcon.colcon_core.package_identification:_identify(src/turtlebot_control) by extension 'colcon_pkg'
[0.299s] Level 1:colcon.colcon_core.package_identification:_identify(src/turtlebot_control) by extensions ['colcon_meta']
[0.299s] Level 1:colcon.colcon_core.package_identification:_identify(src/turtlebot_control) by extension 'colcon_meta'
[0.299s] Level 1:colcon.colcon_core.package_identification:_identify(src/turtlebot_control) by extensions ['ros']
[0.299s] Level 1:colcon.colcon_core.package_identification:_identify(src/turtlebot_control) by extension 'ros'
[0.300s] DEBUG:colcon.colcon_core.package_identification:Package 'src/turtlebot_control' with type 'ros.ament_python' and name 'turtlebot_control'
[0.300s] Level 1:colcon.colcon_core.package_discovery:discover_packages(recursive) using defaults
[0.301s] Level 1:colcon.colcon_core.package_discovery:discover_packages(ignore) discover
[0.301s] Level 1:colcon.colcon_core.package_discovery:discover_packages(ignore) using defaults
[0.301s] Level 1:colcon.colcon_core.package_discovery:discover_packages(path) discover
[0.301s] Level 1:colcon.colcon_core.package_discovery:discover_packages(path) using defaults
[0.326s] Level 1:colcon.colcon_core.package_discovery:discover_packages(prefix_path) check parameters
[0.326s] Level 1:colcon.colcon_core.package_discovery:discover_packages(prefix_path) discover
[0.329s] DEBUG:colcon.colcon_installed_package_information.package_discovery:Found 5 installed packages in /home/damian/Documents/project_NIODSR_ros2_ws/install
[0.331s] DEBUG:colcon.colcon_installed_package_information.package_discovery:Found 469 installed packages in /opt/ros/humble
[0.334s] Level 1:colcon.colcon_core.package_discovery:discover_packages(prefix_path) using defaults
[0.392s] Level 5:colcon.colcon_core.verb:set package 'turtlebot3_fake_node' build argument 'cmake_args' from command line to 'None'
[0.392s] Level 5:colcon.colcon_core.verb:set package 'turtlebot3_fake_node' build argument 'cmake_target' from command line to 'None'
[0.392s] Level 5:colcon.colcon_core.verb:set package 'turtlebot3_fake_node' build argument 'cmake_target_skip_unavailable' from command line to 'False'
[0.392s] Level 5:colcon.colcon_core.verb:set package 'turtlebot3_fake_node' build argument 'cmake_clean_cache' from command line to 'False'
[0.392s] Level 5:colcon.colcon_core.verb:set package 'turtlebot3_fake_node' build argument 'cmake_clean_first' from command line to 'False'
[0.392s] Level 5:colcon.colcon_core.verb:set package 'turtlebot3_fake_node' build argument 'cmake_force_configure' from command line to 'False'
[0.392s] Level 5:colcon.colcon_core.verb:set package 'turtlebot3_fake_node' build argument 'ament_cmake_args' from command line to 'None'
[0.392s] Level 5:colcon.colcon_core.verb:set package 'turtlebot3_fake_node' build argument 'catkin_cmake_args' from command line to 'None'
[0.392s] Level 5:colcon.colcon_core.verb:set package 'turtlebot3_fake_node' build argument 'catkin_skip_building_tests' from command line to 'False'
[0.392s] DEBUG:colcon.colcon_core.verb:Building package 'turtlebot3_fake_node' with the following arguments: {'ament_cmake_args': None, 'build_base': '/home/damian/Documents/project_NIODSR_ros2_ws/build/turtlebot3_fake_node', 'catkin_cmake_args': None, 'catkin_skip_building_tests': False, 'cmake_args': None, 'cmake_clean_cache': False, 'cmake_clean_first': False, 'cmake_force_configure': False, 'cmake_target': None, 'cmake_target_skip_unavailable': False, 'install_base': '/home/damian/Documents/project_NIODSR_ros2_ws/install/turtlebot3_fake_node', 'merge_install': False, 'path': '/home/damian/Documents/project_NIODSR_ros2_ws/src/turtlebot3_simulations/turtlebot3_fake_node', 'symlink_install': False, 'test_result_base': None}
[0.392s] Level 5:colcon.colcon_core.verb:set package 'turtlebot3_gazebo' build argument 'cmake_args' from command line to 'None'
[0.392s] Level 5:colcon.colcon_core.verb:set package 'turtlebot3_gazebo' build argument 'cmake_target' from command line to 'None'
[0.392s] Level 5:colcon.colcon_core.verb:set package 'turtlebot3_gazebo' build argument 'cmake_target_skip_unavailable' from command line to 'False'
[0.392s] Level 5:colcon.colcon_core.verb:set package 'turtlebot3_gazebo' build argument 'cmake_clean_cache' from command line to 'False'
[0.392s] Level 5:colcon.colcon_core.verb:set package 'turtlebot3_gazebo' build argument 'cmake_clean_first' from command line to 'False'
[0.392s] Level 5:colcon.colcon_core.verb:set package 'turtlebot3_gazebo' build argument 'cmake_force_configure' from command line to 'False'
[0.392s] Level 5:colcon.colcon_core.verb:set package 'turtlebot3_gazebo' build argument 'ament_cmake_args' from command line to 'None'
[0.392s] Level 5:colcon.colcon_core.verb:set package 'turtlebot3_gazebo' build argument 'catkin_cmake_args' from command line to 'None'
[0.392s] Level 5:colcon.colcon_core.verb:set package 'turtlebot3_gazebo' build argument 'catkin_skip_building_tests' from command line to 'False'
[0.392s] DEBUG:colcon.colcon_core.verb:Building package 'turtlebot3_gazebo' with the following arguments: {'ament_cmake_args': None, 'build_base': '/home/damian/Documents/project_NIODSR_ros2_ws/build/turtlebot3_gazebo', 'catkin_cmake_args': None, 'catkin_skip_building_tests': False, 'cmake_args': None, 'cmake_clean_cache': False, 'cmake_clean_first': False, 'cmake_force_configure': False, 'cmake_target': None, 'cmake_target_skip_unavailable': False, 'install_base': '/home/damian/Documents/project_NIODSR_ros2_ws/install/turtlebot3_gazebo', 'merge_install': False, 'path': '/home/damian/Documents/project_NIODSR_ros2_ws/src/turtlebot3_simulations/turtlebot3_gazebo', 'symlink_install': False, 'test_result_base': None}
[0.393s] Level 5:colcon.colcon_core.verb:set package 'turtlebot_control' build argument 'cmake_args' from command line to 'None'
[0.393s] Level 5:colcon.colcon_core.verb:set package 'turtlebot_control' build argument 'cmake_target' from command line to 'None'
[0.393s] Level 5:colcon.colcon_core.verb:set package 'turtlebot_control' build argument 'cmake_target_skip_unavailable' from command line to 'False'
[0.393s] Level 5:colcon.colcon_core.verb:set package 'turtlebot_control' build argument 'cmake_clean_cache' from command line to 'False'
[0.393s] Level 5:colcon.colcon_core.verb:set package 'turtlebot_control' build argument 'cmake_clean_first' from command line to 'False'
[0.393s] Level 5:colcon.colcon_core.verb:set package 'turtlebot_control' build argument 'cmake_force_configure' from command line to 'False'
[0.393s] Level 5:colcon.colcon_core.verb:set package 'turtlebot_control' build argument 'ament_cmake_args' from command line to 'None'
[0.393s] Level 5:colcon.colcon_core.verb:set package 'turtlebot_control' build argument 'catkin_cmake_args' from command line to 'None'
[0.393s] Level 5:colcon.colcon_core.verb:set package 'turtlebot_control' build argument 'catkin_skip_building_tests' from command line to 'False'
[0.393s] DEBUG:colcon.colcon_core.verb:Building package 'turtlebot_control' with the following arguments: {'ament_cmake_args': None, 'build_base': '/home/damian/Documents/project_NIODSR_ros2_ws/build/turtlebot_control', 'catkin_cmake_args': None, 'catkin_skip_building_tests': False, 'cmake_args': None, 'cmake_clean_cache': False, 'cmake_clean_first': False, 'cmake_force_configure': False, 'cmake_target': None, 'cmake_target_skip_unavailable': False, 'install_base': '/home/damian/Documents/project_NIODSR_ros2_ws/install/turtlebot_control', 'merge_install': False, 'path': '/home/damian/Documents/project_NIODSR_ros2_ws/src/turtlebot_control', 'symlink_install': False, 'test_result_base': None}
[0.393s] Level 5:colcon.colcon_core.verb:set package 'turtlebot3_simulations' build argument 'cmake_args' from command line to 'None'
[0.393s] Level 5:colcon.colcon_core.verb:set package 'turtlebot3_simulations' build argument 'cmake_target' from command line to 'None'
[0.393s] Level 5:colcon.colcon_core.verb:set package 'turtlebot3_simulations' build argument 'cmake_target_skip_unavailable' from command line to 'False'
[0.393s] Level 5:colcon.colcon_core.verb:set package 'turtlebot3_simulations' build argument 'cmake_clean_cache' from command line to 'False'
[0.393s] Level 5:colcon.colcon_core.verb:set package 'turtlebot3_simulations' build argument 'cmake_clean_first' from command line to 'False'
[0.393s] Level 5:colcon.colcon_core.verb:set package 'turtlebot3_simulations' build argument 'cmake_force_configure' from command line to 'False'
[0.393s] Level 5:colcon.colcon_core.verb:set package 'turtlebot3_simulations' build argument 'ament_cmake_args' from command line to 'None'
[0.393s] Level 5:colcon.colcon_core.verb:set package 'turtlebot3_simulations' build argument 'catkin_cmake_args' from command line to 'None'
[0.393s] Level 5:colcon.colcon_core.verb:set package 'turtlebot3_simulations' build argument 'catkin_skip_building_tests' from command line to 'False'
[0.393s] DEBUG:colcon.colcon_core.verb:Building package 'turtlebot3_simulations' with the following arguments: {'ament_cmake_args': None, 'build_base': '/home/damian/Documents/project_NIODSR_ros2_ws/build/turtlebot3_simulations', 'catkin_cmake_args': None, 'catkin_skip_building_tests': False, 'cmake_args': None, 'cmake_clean_cache': False, 'cmake_clean_first': False, 'cmake_force_configure': False, 'cmake_target': None, 'cmake_target_skip_unavailable': False, 'install_base': '/home/damian/Documents/project_NIODSR_ros2_ws/install/turtlebot3_simulations', 'merge_install': False, 'path': '/home/damian/Documents/project_NIODSR_ros2_ws/src/turtlebot3_simulations/turtlebot3_simulations', 'symlink_install': False, 'test_result_base': None}
[0.393s] INFO:colcon.colcon_core.executor:Executing jobs using 'parallel' executor
[0.394s] DEBUG:colcon.colcon_parallel_executor.executor.parallel:run_until_complete
[0.395s] INFO:colcon.colcon_ros.task.ament_cmake.build:Building ROS package in '/home/damian/Documents/project_NIODSR_ros2_ws/src/turtlebot3_simulations/turtlebot3_fake_node' with build type 'ament_cmake'
[0.395s] INFO:colcon.colcon_cmake.task.cmake.build:Building CMake package in '/home/damian/Documents/project_NIODSR_ros2_ws/src/turtlebot3_simulations/turtlebot3_fake_node'
[0.396s] INFO:colcon.colcon_core.plugin_system:Skipping extension 'colcon_core.shell.bat': Not used on non-Windows systems
[0.396s] INFO:colcon.colcon_core.shell:Skip shell extension 'powershell' for command environment: Not usable outside of PowerShell
[0.397s] DEBUG:colcon.colcon_core.shell:Skip shell extension 'dsv' for command environment
[0.400s] INFO:colcon.colcon_ros.task.ament_cmake.build:Building ROS package in '/home/damian/Documents/project_NIODSR_ros2_ws/src/turtlebot3_simulations/turtlebot3_gazebo' with build type 'ament_cmake'
[0.401s] INFO:colcon.colcon_cmake.task.cmake.build:Building CMake package in '/home/damian/Documents/project_NIODSR_ros2_ws/src/turtlebot3_simulations/turtlebot3_gazebo'
[0.401s] INFO:colcon.colcon_core.shell:Skip shell extension 'powershell' for command environment: Not usable outside of PowerShell
[0.401s] DEBUG:colcon.colcon_core.shell:Skip shell extension 'dsv' for command environment
[0.404s] INFO:colcon.colcon_ros.task.ament_python.build:Building ROS package in '/home/damian/Documents/project_NIODSR_ros2_ws/src/turtlebot_control' with build type 'ament_python'
[0.404s] Level 1:colcon.colcon_core.shell:create_environment_hook('turtlebot_control', 'ament_prefix_path')
[0.404s] INFO:colcon.colcon_core.shell:Creating environment hook '/home/damian/Documents/project_NIODSR_ros2_ws/install/turtlebot_control/share/turtlebot_control/hook/ament_prefix_path.ps1'
[0.405s] INFO:colcon.colcon_core.shell:Creating environment descriptor '/home/damian/Documents/project_NIODSR_ros2_ws/install/turtlebot_control/share/turtlebot_control/hook/ament_prefix_path.dsv'
[0.406s] INFO:colcon.colcon_core.shell:Creating environment hook '/home/damian/Documents/project_NIODSR_ros2_ws/install/turtlebot_control/share/turtlebot_control/hook/ament_prefix_path.sh'
[0.406s] INFO:colcon.colcon_core.shell:Skip shell extension 'powershell' for command environment: Not usable outside of PowerShell
[0.406s] DEBUG:colcon.colcon_core.shell:Skip shell extension 'dsv' for command environment
[0.413s] DEBUG:colcon.colcon_core.event_handler.log_command:Invoking command in '/home/damian/Documents/project_NIODSR_ros2_ws/build/turtlebot3_fake_node': CMAKE_PREFIX_PATH=${CMAKE_PREFIX_PATH}:/home/damian/Documents/project_NIODSR_ros2_ws/install/turtlebot_control:/home/damian/Documents/project_NIODSR_ros2_ws/install/camera_subscriber:/opt/ros/humble /usr/bin/cmake --build /home/damian/Documents/project_NIODSR_ros2_ws/build/turtlebot3_fake_node -- -j12 -l12
[0.418s] DEBUG:colcon.colcon_core.event_handler.log_command:Invoking command in '/home/damian/Documents/project_NIODSR_ros2_ws/build/turtlebot3_gazebo': CMAKE_PREFIX_PATH=${CMAKE_PREFIX_PATH}:/home/damian/Documents/project_NIODSR_ros2_ws/install/turtlebot_control:/home/damian/Documents/project_NIODSR_ros2_ws/install/camera_subscriber:/opt/ros/humble /usr/bin/cmake --build /home/damian/Documents/project_NIODSR_ros2_ws/build/turtlebot3_gazebo -- -j12 -l12
[0.711s] INFO:colcon.colcon_core.task.python.build:Building Python package in '/home/damian/Documents/project_NIODSR_ros2_ws/src/turtlebot_control'
[0.711s] INFO:colcon.colcon_core.shell:Skip shell extension 'powershell' for command environment: Not usable outside of PowerShell
[0.711s] DEBUG:colcon.colcon_core.shell:Skip shell extension 'dsv' for command environment
[0.717s] DEBUG:colcon.colcon_core.event_handler.log_command:Invoked command in '/home/damian/Documents/project_NIODSR_ros2_ws/build/turtlebot3_fake_node' returned '0': CMAKE_PREFIX_PATH=${CMAKE_PREFIX_PATH}:/home/damian/Documents/project_NIODSR_ros2_ws/install/turtlebot_control:/home/damian/Documents/project_NIODSR_ros2_ws/install/camera_subscriber:/opt/ros/humble /usr/bin/cmake --build /home/damian/Documents/project_NIODSR_ros2_ws/build/turtlebot3_fake_node -- -j12 -l12
[0.728s] DEBUG:colcon.colcon_core.event_handler.log_command:Invoking command in '/home/damian/Documents/project_NIODSR_ros2_ws/build/turtlebot3_fake_node': CMAKE_PREFIX_PATH=${CMAKE_PREFIX_PATH}:/home/damian/Documents/project_NIODSR_ros2_ws/install/turtlebot_control:/home/damian/Documents/project_NIODSR_ros2_ws/install/camera_subscriber:/opt/ros/humble /usr/bin/cmake --install /home/damian/Documents/project_NIODSR_ros2_ws/build/turtlebot3_fake_node
[0.729s] DEBUG:colcon.colcon_core.event_handler.log_command:Invoked command in '/home/damian/Documents/project_NIODSR_ros2_ws/build/turtlebot3_gazebo' returned '0': CMAKE_PREFIX_PATH=${CMAKE_PREFIX_PATH}:/home/damian/Documents/project_NIODSR_ros2_ws/install/turtlebot_control:/home/damian/Documents/project_NIODSR_ros2_ws/install/camera_subscriber:/opt/ros/humble /usr/bin/cmake --build /home/damian/Documents/project_NIODSR_ros2_ws/build/turtlebot3_gazebo -- -j12 -l12
[0.731s] DEBUG:colcon.colcon_core.event_handler.log_command:Invoking command in '/home/damian/Documents/project_NIODSR_ros2_ws/build/turtlebot3_gazebo': CMAKE_PREFIX_PATH=${CMAKE_PREFIX_PATH}:/home/damian/Documents/project_NIODSR_ros2_ws/install/turtlebot_control:/home/damian/Documents/project_NIODSR_ros2_ws/install/camera_subscriber:/opt/ros/humble /usr/bin/cmake --install /home/damian/Documents/project_NIODSR_ros2_ws/build/turtlebot3_gazebo
[0.739s] Level 1:colcon.colcon_core.environment:create_environment_scripts_only(turtlebot3_fake_node)
[0.746s] Level 1:colcon.colcon_core.environment:checking '/home/damian/Documents/project_NIODSR_ros2_ws/install/turtlebot3_fake_node' for CMake module files
[0.747s] DEBUG:colcon.colcon_core.event_handler.log_command:Invoked command in '/home/damian/Documents/project_NIODSR_ros2_ws/build/turtlebot3_fake_node' returned '0': CMAKE_PREFIX_PATH=${CMAKE_PREFIX_PATH}:/home/damian/Documents/project_NIODSR_ros2_ws/install/turtlebot_control:/home/damian/Documents/project_NIODSR_ros2_ws/install/camera_subscriber:/opt/ros/humble /usr/bin/cmake --install /home/damian/Documents/project_NIODSR_ros2_ws/build/turtlebot3_fake_node
[0.748s] Level 1:colcon.colcon_core.environment:checking '/home/damian/Documents/project_NIODSR_ros2_ws/install/turtlebot3_fake_node' for CMake config files
[0.749s] Level 1:colcon.colcon_core.shell:create_environment_hook('turtlebot3_fake_node', 'cmake_prefix_path')
[0.749s] INFO:colcon.colcon_core.shell:Creating environment hook '/home/damian/Documents/project_NIODSR_ros2_ws/install/turtlebot3_fake_node/share/turtlebot3_fake_node/hook/cmake_prefix_path.ps1'
[0.750s] INFO:colcon.colcon_core.shell:Creating environment descriptor '/home/damian/Documents/project_NIODSR_ros2_ws/install/turtlebot3_fake_node/share/turtlebot3_fake_node/hook/cmake_prefix_path.dsv'
[0.750s] INFO:colcon.colcon_core.shell:Creating environment hook '/home/damian/Documents/project_NIODSR_ros2_ws/install/turtlebot3_fake_node/share/turtlebot3_fake_node/hook/cmake_prefix_path.sh'
[0.751s] Level 1:colcon.colcon_core.environment:checking '/home/damian/Documents/project_NIODSR_ros2_ws/install/turtlebot3_fake_node/lib'
[0.752s] Level 1:colcon.colcon_core.environment:checking '/home/damian/Documents/project_NIODSR_ros2_ws/install/turtlebot3_fake_node/bin'
[0.752s] Level 1:colcon.colcon_core.environment:checking '/home/damian/Documents/project_NIODSR_ros2_ws/install/turtlebot3_fake_node/lib/pkgconfig/turtlebot3_fake_node.pc'
[0.752s] Level 1:colcon.colcon_core.environment:checking '/home/damian/Documents/project_NIODSR_ros2_ws/install/turtlebot3_fake_node/lib/python3.10/site-packages'
[0.752s] Level 1:colcon.colcon_core.environment:checking '/home/damian/Documents/project_NIODSR_ros2_ws/install/turtlebot3_fake_node/bin'
[0.752s] INFO:colcon.colcon_core.shell:Creating package script '/home/damian/Documents/project_NIODSR_ros2_ws/install/turtlebot3_fake_node/share/turtlebot3_fake_node/package.ps1'
[0.753s] INFO:colcon.colcon_core.shell:Creating package descriptor '/home/damian/Documents/project_NIODSR_ros2_ws/install/turtlebot3_fake_node/share/turtlebot3_fake_node/package.dsv'
[0.754s] INFO:colcon.colcon_core.shell:Creating package script '/home/damian/Documents/project_NIODSR_ros2_ws/install/turtlebot3_fake_node/share/turtlebot3_fake_node/package.sh'
[0.756s] INFO:colcon.colcon_core.shell:Creating package script '/home/damian/Documents/project_NIODSR_ros2_ws/install/turtlebot3_fake_node/share/turtlebot3_fake_node/package.bash'
[0.756s] INFO:colcon.colcon_core.shell:Creating package script '/home/damian/Documents/project_NIODSR_ros2_ws/install/turtlebot3_fake_node/share/turtlebot3_fake_node/package.zsh'
[0.757s] Level 1:colcon.colcon_core.environment:create_file_with_runtime_dependencies(/home/damian/Documents/project_NIODSR_ros2_ws/install/turtlebot3_fake_node/share/colcon-core/packages/turtlebot3_fake_node)
[0.758s] Level 1:colcon.colcon_core.environment:create_environment_scripts_only(turtlebot3_fake_node)
[0.758s] Level 1:colcon.colcon_core.environment:checking '/home/damian/Documents/project_NIODSR_ros2_ws/install/turtlebot3_fake_node' for CMake module files
[0.759s] Level 1:colcon.colcon_core.environment:checking '/home/damian/Documents/project_NIODSR_ros2_ws/install/turtlebot3_fake_node' for CMake config files
[0.759s] Level 1:colcon.colcon_core.shell:create_environment_hook('turtlebot3_fake_node', 'cmake_prefix_path')
[0.759s] INFO:colcon.colcon_core.shell:Creating environment hook '/home/damian/Documents/project_NIODSR_ros2_ws/install/turtlebot3_fake_node/share/turtlebot3_fake_node/hook/cmake_prefix_path.ps1'
[0.759s] INFO:colcon.colcon_core.shell:Creating environment descriptor '/home/damian/Documents/project_NIODSR_ros2_ws/install/turtlebot3_fake_node/share/turtlebot3_fake_node/hook/cmake_prefix_path.dsv'
[0.760s] INFO:colcon.colcon_core.shell:Creating environment hook '/home/damian/Documents/project_NIODSR_ros2_ws/install/turtlebot3_fake_node/share/turtlebot3_fake_node/hook/cmake_prefix_path.sh'
[0.760s] Level 1:colcon.colcon_core.environment:checking '/home/damian/Documents/project_NIODSR_ros2_ws/install/turtlebot3_fake_node/lib'
[0.760s] Level 1:colcon.colcon_core.environment:checking '/home/damian/Documents/project_NIODSR_ros2_ws/install/turtlebot3_fake_node/bin'
[0.760s] Level 1:colcon.colcon_core.environment:checking '/home/damian/Documents/project_NIODSR_ros2_ws/install/turtlebot3_fake_node/lib/pkgconfig/turtlebot3_fake_node.pc'
[0.761s] Level 1:colcon.colcon_core.environment:checking '/home/damian/Documents/project_NIODSR_ros2_ws/install/turtlebot3_fake_node/lib/python3.10/site-packages'
[0.761s] Level 1:colcon.colcon_core.environment:checking '/home/damian/Documents/project_NIODSR_ros2_ws/install/turtlebot3_fake_node/bin'
[0.761s] INFO:colcon.colcon_core.shell:Creating package script '/home/damian/Documents/project_NIODSR_ros2_ws/install/turtlebot3_fake_node/share/turtlebot3_fake_node/package.ps1'
[0.761s] INFO:colcon.colcon_core.shell:Creating package descriptor '/home/damian/Documents/project_NIODSR_ros2_ws/install/turtlebot3_fake_node/share/turtlebot3_fake_node/package.dsv'
[0.762s] INFO:colcon.colcon_core.shell:Creating package script '/home/damian/Documents/project_NIODSR_ros2_ws/install/turtlebot3_fake_node/share/turtlebot3_fake_node/package.sh'
[0.763s] INFO:colcon.colcon_core.shell:Creating package script '/home/damian/Documents/project_NIODSR_ros2_ws/install/turtlebot3_fake_node/share/turtlebot3_fake_node/package.bash'
[0.764s] INFO:colcon.colcon_core.shell:Creating package script '/home/damian/Documents/project_NIODSR_ros2_ws/install/turtlebot3_fake_node/share/turtlebot3_fake_node/package.zsh'
[0.764s] Level 1:colcon.colcon_core.environment:create_file_with_runtime_dependencies(/home/damian/Documents/project_NIODSR_ros2_ws/install/turtlebot3_fake_node/share/colcon-core/packages/turtlebot3_fake_node)
[0.766s] Level 1:colcon.colcon_core.environment:create_environment_scripts_only(turtlebot3_gazebo)
[0.766s] Level 1:colcon.colcon_core.environment:checking '/home/damian/Documents/project_NIODSR_ros2_ws/install/turtlebot3_gazebo' for CMake module files
[0.767s] DEBUG:colcon.colcon_core.event_handler.log_command:Invoked command in '/home/damian/Documents/project_NIODSR_ros2_ws/build/turtlebot3_gazebo' returned '0': CMAKE_PREFIX_PATH=${CMAKE_PREFIX_PATH}:/home/damian/Documents/project_NIODSR_ros2_ws/install/turtlebot_control:/home/damian/Documents/project_NIODSR_ros2_ws/install/camera_subscriber:/opt/ros/humble /usr/bin/cmake --install /home/damian/Documents/project_NIODSR_ros2_ws/build/turtlebot3_gazebo
[0.767s] Level 1:colcon.colcon_core.environment:checking '/home/damian/Documents/project_NIODSR_ros2_ws/install/turtlebot3_gazebo' for CMake config files
[0.768s] Level 1:colcon.colcon_core.shell:create_environment_hook('turtlebot3_gazebo', 'cmake_prefix_path')
[0.768s] INFO:colcon.colcon_core.shell:Creating environment hook '/home/damian/Documents/project_NIODSR_ros2_ws/install/turtlebot3_gazebo/share/turtlebot3_gazebo/hook/cmake_prefix_path.ps1'
[0.768s] INFO:colcon.colcon_core.shell:Creating environment descriptor '/home/damian/Documents/project_NIODSR_ros2_ws/install/turtlebot3_gazebo/share/turtlebot3_gazebo/hook/cmake_prefix_path.dsv'
[0.769s] INFO:colcon.colcon_core.shell:Creating environment hook '/home/damian/Documents/project_NIODSR_ros2_ws/install/turtlebot3_gazebo/share/turtlebot3_gazebo/hook/cmake_prefix_path.sh'
[0.769s] Level 1:colcon.colcon_core.environment:checking '/home/damian/Documents/project_NIODSR_ros2_ws/install/turtlebot3_gazebo/lib'
[0.769s] Level 1:colcon.colcon_core.environment:checking '/home/damian/Documents/project_NIODSR_ros2_ws/install/turtlebot3_gazebo/bin'
[0.770s] Level 1:colcon.colcon_core.environment:checking '/home/damian/Documents/project_NIODSR_ros2_ws/install/turtlebot3_gazebo/lib/pkgconfig/turtlebot3_gazebo.pc'
[0.770s] Level 1:colcon.colcon_core.environment:checking '/home/damian/Documents/project_NIODSR_ros2_ws/install/turtlebot3_gazebo/lib/python3.10/site-packages'
[0.770s] Level 1:colcon.colcon_core.environment:checking '/home/damian/Documents/project_NIODSR_ros2_ws/install/turtlebot3_gazebo/bin'
[0.770s] INFO:colcon.colcon_core.shell:Creating package script '/home/damian/Documents/project_NIODSR_ros2_ws/install/turtlebot3_gazebo/share/turtlebot3_gazebo/package.ps1'
[0.771s] INFO:colcon.colcon_core.shell:Creating package descriptor '/home/damian/Documents/project_NIODSR_ros2_ws/install/turtlebot3_gazebo/share/turtlebot3_gazebo/package.dsv'
[0.771s] INFO:colcon.colcon_core.shell:Creating package script '/home/damian/Documents/project_NIODSR_ros2_ws/install/turtlebot3_gazebo/share/turtlebot3_gazebo/package.sh'
[0.772s] INFO:colcon.colcon_core.shell:Creating package script '/home/damian/Documents/project_NIODSR_ros2_ws/install/turtlebot3_gazebo/share/turtlebot3_gazebo/package.bash'
[0.772s] INFO:colcon.colcon_core.shell:Creating package script '/home/damian/Documents/project_NIODSR_ros2_ws/install/turtlebot3_gazebo/share/turtlebot3_gazebo/package.zsh'
[0.773s] Level 1:colcon.colcon_core.environment:create_file_with_runtime_dependencies(/home/damian/Documents/project_NIODSR_ros2_ws/install/turtlebot3_gazebo/share/colcon-core/packages/turtlebot3_gazebo)
[0.773s] Level 1:colcon.colcon_core.environment:create_environment_scripts_only(turtlebot3_gazebo)
[0.774s] Level 1:colcon.colcon_core.environment:checking '/home/damian/Documents/project_NIODSR_ros2_ws/install/turtlebot3_gazebo' for CMake module files
[0.774s] Level 1:colcon.colcon_core.environment:checking '/home/damian/Documents/project_NIODSR_ros2_ws/install/turtlebot3_gazebo' for CMake config files
[0.774s] Level 1:colcon.colcon_core.shell:create_environment_hook('turtlebot3_gazebo', 'cmake_prefix_path')
[0.775s] INFO:colcon.colcon_core.shell:Creating environment hook '/home/damian/Documents/project_NIODSR_ros2_ws/install/turtlebot3_gazebo/share/turtlebot3_gazebo/hook/cmake_prefix_path.ps1'
[0.775s] INFO:colcon.colcon_core.shell:Creating environment descriptor '/home/damian/Documents/project_NIODSR_ros2_ws/install/turtlebot3_gazebo/share/turtlebot3_gazebo/hook/cmake_prefix_path.dsv'
[0.775s] INFO:colcon.colcon_core.shell:Creating environment hook '/home/damian/Documents/project_NIODSR_ros2_ws/install/turtlebot3_gazebo/share/turtlebot3_gazebo/hook/cmake_prefix_path.sh'
[0.776s] Level 1:colcon.colcon_core.environment:checking '/home/damian/Documents/project_NIODSR_ros2_ws/install/turtlebot3_gazebo/lib'
[0.776s] Level 1:colcon.colcon_core.environment:checking '/home/damian/Documents/project_NIODSR_ros2_ws/install/turtlebot3_gazebo/bin'
[0.776s] Level 1:colcon.colcon_core.environment:checking '/home/damian/Documents/project_NIODSR_ros2_ws/install/turtlebot3_gazebo/lib/pkgconfig/turtlebot3_gazebo.pc'
[0.777s] Level 1:colcon.colcon_core.environment:checking '/home/damian/Documents/project_NIODSR_ros2_ws/install/turtlebot3_gazebo/lib/python3.10/site-packages'
[0.777s] Level 1:colcon.colcon_core.environment:checking '/home/damian/Documents/project_NIODSR_ros2_ws/install/turtlebot3_gazebo/bin'
[0.777s] INFO:colcon.colcon_core.shell:Creating package script '/home/damian/Documents/project_NIODSR_ros2_ws/install/turtlebot3_gazebo/share/turtlebot3_gazebo/package.ps1'
[0.778s] INFO:colcon.colcon_core.shell:Creating package descriptor '/home/damian/Documents/project_NIODSR_ros2_ws/install/turtlebot3_gazebo/share/turtlebot3_gazebo/package.dsv'
[0.779s] INFO:colcon.colcon_core.shell:Creating package script '/home/damian/Documents/project_NIODSR_ros2_ws/install/turtlebot3_gazebo/share/turtlebot3_gazebo/package.sh'
[0.779s] INFO:colcon.colcon_core.shell:Creating package script '/home/damian/Documents/project_NIODSR_ros2_ws/install/turtlebot3_gazebo/share/turtlebot3_gazebo/package.bash'
[0.779s] INFO:colcon.colcon_core.shell:Creating package script '/home/damian/Documents/project_NIODSR_ros2_ws/install/turtlebot3_gazebo/share/turtlebot3_gazebo/package.zsh'
[0.780s] Level 1:colcon.colcon_core.environment:create_file_with_runtime_dependencies(/home/damian/Documents/project_NIODSR_ros2_ws/install/turtlebot3_gazebo/share/colcon-core/packages/turtlebot3_gazebo)
[0.781s] INFO:colcon.colcon_ros.task.ament_cmake.build:Building ROS package in '/home/damian/Documents/project_NIODSR_ros2_ws/src/turtlebot3_simulations/turtlebot3_simulations' with build type 'ament_cmake'
[0.781s] INFO:colcon.colcon_cmake.task.cmake.build:Building CMake package in '/home/damian/Documents/project_NIODSR_ros2_ws/src/turtlebot3_simulations/turtlebot3_simulations'
[0.781s] INFO:colcon.colcon_core.shell:Skip shell extension 'powershell' for command environment: Not usable outside of PowerShell
[0.781s] DEBUG:colcon.colcon_core.shell:Skip shell extension 'dsv' for command environment
[0.791s] DEBUG:colcon.colcon_core.event_handler.log_command:Invoking command in '/home/damian/Documents/project_NIODSR_ros2_ws/build/turtlebot3_simulations': CMAKE_PREFIX_PATH=/home/damian/Documents/project_NIODSR_ros2_ws/install/turtlebot3_gazebo:/home/damian/Documents/project_NIODSR_ros2_ws/install/turtlebot3_fake_node:/home/damian/Documents/project_NIODSR_ros2_ws/install/turtlebot3_simulations:/home/damian/Documents/project_NIODSR_ros2_ws/install/turtlebot_control:/home/damian/Documents/project_NIODSR_ros2_ws/install/camera_subscriber:/opt/ros/humble /usr/bin/cmake --build /home/damian/Documents/project_NIODSR_ros2_ws/build/turtlebot3_simulations -- -j12 -l12
[0.831s] DEBUG:colcon.colcon_core.event_handler.log_command:Invoked command in '/home/damian/Documents/project_NIODSR_ros2_ws/build/turtlebot3_simulations' returned '0': CMAKE_PREFIX_PATH=/home/damian/Documents/project_NIODSR_ros2_ws/install/turtlebot3_gazebo:/home/damian/Documents/project_NIODSR_ros2_ws/install/turtlebot3_fake_node:/home/damian/Documents/project_NIODSR_ros2_ws/install/turtlebot3_simulations:/home/damian/Documents/project_NIODSR_ros2_ws/install/turtlebot_control:/home/damian/Documents/project_NIODSR_ros2_ws/install/camera_subscriber:/opt/ros/humble /usr/bin/cmake --build /home/damian/Documents/project_NIODSR_ros2_ws/build/turtlebot3_simulations -- -j12 -l12
[0.832s] DEBUG:colcon.colcon_core.event_handler.log_command:Invoking command in '/home/damian/Documents/project_NIODSR_ros2_ws/build/turtlebot3_simulations': CMAKE_PREFIX_PATH=/home/damian/Documents/project_NIODSR_ros2_ws/install/turtlebot3_gazebo:/home/damian/Documents/project_NIODSR_ros2_ws/install/turtlebot3_fake_node:/home/damian/Documents/project_NIODSR_ros2_ws/install/turtlebot3_simulations:/home/damian/Documents/project_NIODSR_ros2_ws/install/turtlebot_control:/home/damian/Documents/project_NIODSR_ros2_ws/install/camera_subscriber:/opt/ros/humble /usr/bin/cmake --install /home/damian/Documents/project_NIODSR_ros2_ws/build/turtlebot3_simulations
[0.843s] Level 1:colcon.colcon_core.environment:create_environment_scripts_only(turtlebot3_simulations)
[0.843s] Level 1:colcon.colcon_core.environment:checking '/home/damian/Documents/project_NIODSR_ros2_ws/install/turtlebot3_simulations' for CMake module files
[0.844s] DEBUG:colcon.colcon_core.event_handler.log_command:Invoked command in '/home/damian/Documents/project_NIODSR_ros2_ws/build/turtlebot3_simulations' returned '0': CMAKE_PREFIX_PATH=/home/damian/Documents/project_NIODSR_ros2_ws/install/turtlebot3_gazebo:/home/damian/Documents/project_NIODSR_ros2_ws/install/turtlebot3_fake_node:/home/damian/Documents/project_NIODSR_ros2_ws/install/turtlebot3_simulations:/home/damian/Documents/project_NIODSR_ros2_ws/install/turtlebot_control:/home/damian/Documents/project_NIODSR_ros2_ws/install/camera_subscriber:/opt/ros/humble /usr/bin/cmake --install /home/damian/Documents/project_NIODSR_ros2_ws/build/turtlebot3_simulations
[0.844s] Level 1:colcon.colcon_core.environment:checking '/home/damian/Documents/project_NIODSR_ros2_ws/install/turtlebot3_simulations' for CMake config files
[0.844s] Level 1:colcon.colcon_core.shell:create_environment_hook('turtlebot3_simulations', 'cmake_prefix_path')
[0.844s] INFO:colcon.colcon_core.shell:Creating environment hook '/home/damian/Documents/project_NIODSR_ros2_ws/install/turtlebot3_simulations/share/turtlebot3_simulations/hook/cmake_prefix_path.ps1'
[0.845s] INFO:colcon.colcon_core.shell:Creating environment descriptor '/home/damian/Documents/project_NIODSR_ros2_ws/install/turtlebot3_simulations/share/turtlebot3_simulations/hook/cmake_prefix_path.dsv'
[0.845s] INFO:colcon.colcon_core.shell:Creating environment hook '/home/damian/Documents/project_NIODSR_ros2_ws/install/turtlebot3_simulations/share/turtlebot3_simulations/hook/cmake_prefix_path.sh'
[0.846s] Level 1:colcon.colcon_core.environment:checking '/home/damian/Documents/project_NIODSR_ros2_ws/install/turtlebot3_simulations/bin'
[0.846s] Level 1:colcon.colcon_core.environment:checking '/home/damian/Documents/project_NIODSR_ros2_ws/install/turtlebot3_simulations/lib/pkgconfig/turtlebot3_simulations.pc'
[0.846s] Level 1:colcon.colcon_core.environment:checking '/home/damian/Documents/project_NIODSR_ros2_ws/install/turtlebot3_simulations/lib/python3.10/site-packages'
[0.846s] Level 1:colcon.colcon_core.environment:checking '/home/damian/Documents/project_NIODSR_ros2_ws/install/turtlebot3_simulations/bin'
[0.846s] INFO:colcon.colcon_core.shell:Creating package script '/home/damian/Documents/project_NIODSR_ros2_ws/install/turtlebot3_simulations/share/turtlebot3_simulations/package.ps1'
[0.847s] INFO:colcon.colcon_core.shell:Creating package descriptor '/home/damian/Documents/project_NIODSR_ros2_ws/install/turtlebot3_simulations/share/turtlebot3_simulations/package.dsv'
[0.847s] INFO:colcon.colcon_core.shell:Creating package script '/home/damian/Documents/project_NIODSR_ros2_ws/install/turtlebot3_simulations/share/turtlebot3_simulations/package.sh'
[0.847s] INFO:colcon.colcon_core.shell:Creating package script '/home/damian/Documents/project_NIODSR_ros2_ws/install/turtlebot3_simulations/share/turtlebot3_simulations/package.bash'
[0.848s] INFO:colcon.colcon_core.shell:Creating package script '/home/damian/Documents/project_NIODSR_ros2_ws/install/turtlebot3_simulations/share/turtlebot3_simulations/package.zsh'
[0.848s] Level 1:colcon.colcon_core.environment:create_file_with_runtime_dependencies(/home/damian/Documents/project_NIODSR_ros2_ws/install/turtlebot3_simulations/share/colcon-core/packages/turtlebot3_simulations)
[0.849s] Level 1:colcon.colcon_core.environment:create_environment_scripts_only(turtlebot3_simulations)
[0.849s] Level 1:colcon.colcon_core.environment:checking '/home/damian/Documents/project_NIODSR_ros2_ws/install/turtlebot3_simulations' for CMake module files
[0.850s] Level 1:colcon.colcon_core.environment:checking '/home/damian/Documents/project_NIODSR_ros2_ws/install/turtlebot3_simulations' for CMake config files
[0.850s] Level 1:colcon.colcon_core.shell:create_environment_hook('turtlebot3_simulations', 'cmake_prefix_path')
[0.850s] INFO:colcon.colcon_core.shell:Creating environment hook '/home/damian/Documents/project_NIODSR_ros2_ws/install/turtlebot3_simulations/share/turtlebot3_simulations/hook/cmake_prefix_path.ps1'
[0.851s] INFO:colcon.colcon_core.shell:Creating environment descriptor '/home/damian/Documents/project_NIODSR_ros2_ws/install/turtlebot3_simulations/share/turtlebot3_simulations/hook/cmake_prefix_path.dsv'
[0.851s] INFO:colcon.colcon_core.shell:Creating environment hook '/home/damian/Documents/project_NIODSR_ros2_ws/install/turtlebot3_simulations/share/turtlebot3_simulations/hook/cmake_prefix_path.sh'
[0.852s] Level 1:colcon.colcon_core.environment:checking '/home/damian/Documents/project_NIODSR_ros2_ws/install/turtlebot3_simulations/bin'
[0.852s] Level 1:colcon.colcon_core.environment:checking '/home/damian/Documents/project_NIODSR_ros2_ws/install/turtlebot3_simulations/lib/pkgconfig/turtlebot3_simulations.pc'
[0.852s] Level 1:colcon.colcon_core.environment:checking '/home/damian/Documents/project_NIODSR_ros2_ws/install/turtlebot3_simulations/lib/python3.10/site-packages'
[0.852s] Level 1:colcon.colcon_core.environment:checking '/home/damian/Documents/project_NIODSR_ros2_ws/install/turtlebot3_simulations/bin'
[0.853s] INFO:colcon.colcon_core.shell:Creating package script '/home/damian/Documents/project_NIODSR_ros2_ws/install/turtlebot3_simulations/share/turtlebot3_simulations/package.ps1'
[0.854s] INFO:colcon.colcon_core.shell:Creating package descriptor '/home/damian/Documents/project_NIODSR_ros2_ws/install/turtlebot3_simulations/share/turtlebot3_simulations/package.dsv'
[0.854s] INFO:colcon.colcon_core.shell:Creating package script '/home/damian/Documents/project_NIODSR_ros2_ws/install/turtlebot3_simulations/share/turtlebot3_simulations/package.sh'
[0.854s] INFO:colcon.colcon_core.shell:Creating package script '/home/damian/Documents/project_NIODSR_ros2_ws/install/turtlebot3_simulations/share/turtlebot3_simulations/package.bash'
[0.855s] INFO:colcon.colcon_core.shell:Creating package script '/home/damian/Documents/project_NIODSR_ros2_ws/install/turtlebot3_simulations/share/turtlebot3_simulations/package.zsh'
[0.855s] Level 1:colcon.colcon_core.environment:create_file_with_runtime_dependencies(/home/damian/Documents/project_NIODSR_ros2_ws/install/turtlebot3_simulations/share/colcon-core/packages/turtlebot3_simulations)
[1.115s] DEBUG:colcon.colcon_core.event_handler.log_command:Invoking command in '/home/damian/Documents/project_NIODSR_ros2_ws/src/turtlebot_control': PYTHONPATH=/home/damian/Documents/project_NIODSR_ros2_ws/build/turtlebot_control/prefix_override:/usr/lib/python3/dist-packages/colcon_core/task/python/colcon_distutils_commands:/home/damian/Documents/project_NIODSR_ros2_ws/install/turtlebot_control/lib/python3.10/site-packages:${PYTHONPATH} /usr/bin/python3 -W ignore:setup.py install is deprecated -W ignore:easy_install command is deprecated setup.py egg_info --egg-base ../../build/turtlebot_control build --build-base /home/damian/Documents/project_NIODSR_ros2_ws/build/turtlebot_control/build install --record /home/damian/Documents/project_NIODSR_ros2_ws/build/turtlebot_control/install.log --single-version-externally-managed install_data
[1.405s] Level 1:colcon.colcon_core.environment:checking '/home/damian/Documents/project_NIODSR_ros2_ws/install/turtlebot_control' for CMake module files
[1.406s] DEBUG:colcon.colcon_core.event_handler.log_command:Invoked command in '/home/damian/Documents/project_NIODSR_ros2_ws/src/turtlebot_control' returned '0': PYTHONPATH=/home/damian/Documents/project_NIODSR_ros2_ws/build/turtlebot_control/prefix_override:/usr/lib/python3/dist-packages/colcon_core/task/python/colcon_distutils_commands:/home/damian/Documents/project_NIODSR_ros2_ws/install/turtlebot_control/lib/python3.10/site-packages:${PYTHONPATH} /usr/bin/python3 -W ignore:setup.py install is deprecated -W ignore:easy_install command is deprecated setup.py egg_info --egg-base ../../build/turtlebot_control build --build-base /home/damian/Documents/project_NIODSR_ros2_ws/build/turtlebot_control/build install --record /home/damian/Documents/project_NIODSR_ros2_ws/build/turtlebot_control/install.log --single-version-externally-managed install_data
[1.406s] Level 1:colcon.colcon_core.environment:checking '/home/damian/Documents/project_NIODSR_ros2_ws/install/turtlebot_control' for CMake config files
[1.406s] Level 1:colcon.colcon_core.environment:checking '/home/damian/Documents/project_NIODSR_ros2_ws/install/turtlebot_control/lib'
[1.407s] Level 1:colcon.colcon_core.environment:checking '/home/damian/Documents/project_NIODSR_ros2_ws/install/turtlebot_control/bin'
[1.407s] Level 1:colcon.colcon_core.environment:checking '/home/damian/Documents/project_NIODSR_ros2_ws/install/turtlebot_control/lib/pkgconfig/turtlebot_control.pc'
[1.407s] Level 1:colcon.colcon_core.environment:checking '/home/damian/Documents/project_NIODSR_ros2_ws/install/turtlebot_control/lib/python3.10/site-packages'
[1.407s] Level 1:colcon.colcon_core.shell:create_environment_hook('turtlebot_control', 'pythonpath')
[1.407s] INFO:colcon.colcon_core.shell:Creating environment hook '/home/damian/Documents/project_NIODSR_ros2_ws/install/turtlebot_control/share/turtlebot_control/hook/pythonpath.ps1'
[1.408s] INFO:colcon.colcon_core.shell:Creating environment descriptor '/home/damian/Documents/project_NIODSR_ros2_ws/install/turtlebot_control/share/turtlebot_control/hook/pythonpath.dsv'
[1.408s] INFO:colcon.colcon_core.shell:Creating environment hook '/home/damian/Documents/project_NIODSR_ros2_ws/install/turtlebot_control/share/turtlebot_control/hook/pythonpath.sh'
[1.409s] Level 1:colcon.colcon_core.environment:checking '/home/damian/Documents/project_NIODSR_ros2_ws/install/turtlebot_control/bin'
[1.409s] Level 1:colcon.colcon_core.environment:create_environment_scripts_only(turtlebot_control)
[1.409s] INFO:colcon.colcon_core.shell:Creating package script '/home/damian/Documents/project_NIODSR_ros2_ws/install/turtlebot_control/share/turtlebot_control/package.ps1'
[1.409s] INFO:colcon.colcon_core.shell:Creating package descriptor '/home/damian/Documents/project_NIODSR_ros2_ws/install/turtlebot_control/share/turtlebot_control/package.dsv'
[1.410s] INFO:colcon.colcon_core.shell:Creating package script '/home/damian/Documents/project_NIODSR_ros2_ws/install/turtlebot_control/share/turtlebot_control/package.sh'
[1.410s] INFO:colcon.colcon_core.shell:Creating package script '/home/damian/Documents/project_NIODSR_ros2_ws/install/turtlebot_control/share/turtlebot_control/package.bash'
[1.410s] INFO:colcon.colcon_core.shell:Creating package script '/home/damian/Documents/project_NIODSR_ros2_ws/install/turtlebot_control/share/turtlebot_control/package.zsh'
[1.411s] Level 1:colcon.colcon_core.environment:create_file_with_runtime_dependencies(/home/damian/Documents/project_NIODSR_ros2_ws/install/turtlebot_control/share/colcon-core/packages/turtlebot_control)
[1.411s] DEBUG:colcon.colcon_parallel_executor.executor.parallel:closing loop
[1.411s] DEBUG:colcon.colcon_parallel_executor.executor.parallel:loop closed
[1.411s] DEBUG:colcon.colcon_parallel_executor.executor.parallel:run_until_complete finished with '0'
[1.411s] DEBUG:colcon.colcon_core.event_reactor:joining thread
[1.416s] INFO:colcon.colcon_core.plugin_system:Skipping extension 'colcon_notification.desktop_notification.terminal_notifier': Not used on non-Darwin systems
[1.416s] INFO:colcon.colcon_core.plugin_system:Skipping extension 'colcon_notification.desktop_notification.win32': Not used on non-Windows systems
[1.416s] INFO:colcon.colcon_notification.desktop_notification:Sending desktop notification using 'notify2'
[1.427s] DEBUG:colcon.colcon_core.event_reactor:joined thread
[1.427s] INFO:colcon.colcon_core.shell:Creating prefix script '/home/damian/Documents/project_NIODSR_ros2_ws/install/local_setup.ps1'
[1.428s] INFO:colcon.colcon_core.shell:Creating prefix util module '/home/damian/Documents/project_NIODSR_ros2_ws/install/_local_setup_util_ps1.py'
[1.429s] INFO:colcon.colcon_core.shell:Creating prefix chain script '/home/damian/Documents/project_NIODSR_ros2_ws/install/setup.ps1'
[1.430s] INFO:colcon.colcon_core.shell:Creating prefix script '/home/damian/Documents/project_NIODSR_ros2_ws/install/local_setup.sh'
[1.430s] INFO:colcon.colcon_core.shell:Creating prefix util module '/home/damian/Documents/project_NIODSR_ros2_ws/install/_local_setup_util_sh.py'
[1.431s] INFO:colcon.colcon_core.shell:Creating prefix chain script '/home/damian/Documents/project_NIODSR_ros2_ws/install/setup.sh'
[1.432s] INFO:colcon.colcon_core.shell:Creating prefix script '/home/damian/Documents/project_NIODSR_ros2_ws/install/local_setup.bash'
[1.433s] INFO:colcon.colcon_core.shell:Creating prefix chain script '/home/damian/Documents/project_NIODSR_ros2_ws/install/setup.bash'
[1.433s] INFO:colcon.colcon_core.shell:Creating prefix script '/home/damian/Documents/project_NIODSR_ros2_ws/install/local_setup.zsh'
[1.434s] INFO:colcon.colcon_core.shell:Creating prefix chain script '/home/damian/Documents/project_NIODSR_ros2_ws/install/setup.zsh'
